[ 2015-02-05T17:11:41+08:00 ] ::1 /tuan/index.php/Home/Join/join.html
ERR: 不存在的图像文件

[ 2015-02-05T17:15:14+08:00 ] ::1 /tuan/index.php/Home/Join/join.html
ERR: 不存在的图像文件

[ 2015-02-05T21:03:50+08:00 ] ::1 /tuan/index.php/Home/View/index.html
ERR: SQLSTATE[42S22]: Column not found: 1054 Unknown column '$id' in 'where clause'

[ 2015-02-05T21:04:00+08:00 ] ::1 /tuan/index.php/Home/View/index.html
ERR: SQLSTATE[42000]: Syntax error or access violation: 1064 You have an error in your SQL syntax; check the manual that corresponds to your MySQL server version for the right syntax to use near ')' at line 1

[ 2015-02-05T21:08:35+08:00 ] ::1 /tuan/index.php/Home/View/index.html
ERR: SQLSTATE[42000]: Syntax error or access violation: 1064 You have an error in your SQL syntax; check the manual that corresponds to your MySQL server version for the right syntax to use near ')' at line 1

[ 2015-02-05T21:10:19+08:00 ] ::1 /tuan/index.php/Home/View/index.html
ERR: SQLSTATE[42S22]: Column not found: 1054 Unknown column 'Array' in 'where clause'

[ 2015-02-05T21:10:35+08:00 ] ::1 /tuan/index.php/Home/View/index.html
ERR: SQLSTATE[42000]: Syntax error or access violation: 1064 You have an error in your SQL syntax; check the manual that corresponds to your MySQL server version for the right syntax to use near ')' at line 1

[ 2015-02-05T21:10:56+08:00 ] ::1 /tuan/index.php/Home/View/index.html
ERR: SQLSTATE[42000]: Syntax error or access violation: 1064 You have an error in your SQL syntax; check the manual that corresponds to your MySQL server version for the right syntax to use near ')' at line 1

[ 2015-02-05T21:21:31+08:00 ] ::1 /tuan/index.php/Home/View/index.html
ERR: SQLSTATE[42S22]: Column not found: 1054 Unknown column 'Array' in 'where clause'

[ 2015-02-05T21:32:50+08:00 ] ::1 /tuan/index.php/Home/View/index.html
ERR: SQLSTATE[42000]: Syntax error or access violation: 1064 You have an error in your SQL syntax; check the manual that corresponds to your MySQL server version for the right syntax to use near ')' at line 1

[ 2015-02-05T21:40:23+08:00 ] ::1 /tuan/index.php/Home/View/index.html
ERR: SQLSTATE[42000]: Syntax error or access violation: 1064 You have an error in your SQL syntax; check the manual that corresponds to your MySQL server version for the right syntax to use near '['uid'] ) LIMIT 1' at line 1

[ 2015-02-05T21:58:32+08:00 ] ::1 /tuan/index.php/Home/View/view.html
ERR: SQLSTATE[42000]: Syntax error or access violation: 1064 You have an error in your SQL syntax; check the manual that corresponds to your MySQL server version for the right syntax to use near ')' at line 1

[ 2015-02-05T21:59:55+08:00 ] ::1 /tuan/index.php/Home/View/view.html
ERR: SQLSTATE[42000]: Syntax error or access violation: 1064 You have an error in your SQL syntax; check the manual that corresponds to your MySQL server version for the right syntax to use near ')' at line 1

[ 2015-02-05T22:00:03+08:00 ] ::1 /tuan/index.php/Home/View/view.html
ERR: SQLSTATE[42000]: Syntax error or access violation: 1064 You have an error in your SQL syntax; check the manual that corresponds to your MySQL server version for the right syntax to use near ')' at line 1

[ 2015-02-05T22:00:13+08:00 ] ::1 /tuan/index.php/Home/View/view.html
ERR: SQLSTATE[42000]: Syntax error or access violation: 1064 You have an error in your SQL syntax; check the manual that corresponds to your MySQL server version for the right syntax to use near ')' at line 1

[ 2015-02-05T22:01:17+08:00 ] ::1 /tuan/index.php/Home/View/view.html
ERR: SQLSTATE[42S22]: Column not found: 1054 Unknown column 'store.goods_id' in 'on clause'

[ 2015-02-05T22:07:59+08:00 ] ::1 /tuan/index.php/Home/View/view.html
ERR: SQLSTATE[42000]: Syntax error or access violation: 1064 You have an error in your SQL syntax; check the manual that corresponds to your MySQL server version for the right syntax to use near ')' at line 1

[ 2015-02-05T22:08:34+08:00 ] ::1 /tuan/index.php/Home/View/view.html
ERR: SQLSTATE[42000]: Syntax error or access violation: 1064 You have an error in your SQL syntax; check the manual that corresponds to your MySQL server version for the right syntax to use near ')' at line 1

[ 2015-02-05T22:08:40+08:00 ] ::1 /tuan/index.php/Home/View/view.html
ERR: SQLSTATE[42000]: Syntax error or access violation: 1064 You have an error in your SQL syntax; check the manual that corresponds to your MySQL server version for the right syntax to use near ')' at line 1

[ 2015-02-05T22:09:33+08:00 ] ::1 /tuan/index.php/Home/View/view.html
ERR: SQLSTATE[42000]: Syntax error or access violation: 1064 You have an error in your SQL syntax; check the manual that corresponds to your MySQL server version for the right syntax to use near ')' at line 1

[ 2015-02-05T22:21:23+08:00 ] ::1 /tuan/index.php/Home/View/view.html
ERR: 模板不存在:./Application/Home/View/View/view.html

[ 2015-02-05T22:22:30+08:00 ] ::1 /tuan/index.php/Home/View/view.html
ERR: 模板不存在:./Application/Home/View/View/view.html

[ 2015-02-05T22:23:13+08:00 ] ::1 /tuan/index.php/Home/View/view.html
ERR: 模板不存在:./Application/Home/View/View/view.html

[ 2015-02-05T22:24:26+08:00 ] ::1 /tuan/index.php/Home/View/view.html
ERR: 模板不存在:./Application/Home/View/View/view.html

[ 2015-02-05T22:24:49+08:00 ] ::1 /tuan/index.php/Home/View/view.html
ERR: 模板不存在:./Application/Home/View/View/view.html

[ 2015-02-05T22:26:02+08:00 ] ::1 /tuan/index.php/Home/View/view.html
ERR: 模板不存在:./Application/Home/View/View/view.html

[ 2015-02-05T22:45:38+08:00 ] ::1 /tuan/index.php/Home/View/view.html
ERR: SQLSTATE[23000]: Integrity constraint violation: 1052 Column 'id' in where clause is ambiguous

[ 2015-02-05T22:52:43+08:00 ] ::1 /tuan/index.php/Home/View/view.html
ERR: SQLSTATE[42S02]: Base table or view not found: 1146 Table 'microstore.store_tags' doesn't exist

[ 2015-02-05T22:53:29+08:00 ] ::1 /tuan/index.php/Home/View/view.html
ERR: SQLSTATE[42S02]: Base table or view not found: 1146 Table 'microstore.store_tags' doesn't exist

