[ 2015-03-01T01:50:28+08:00 ] ::1 /tuan/index.php/Home/
INFO: [ app_init ] --START--
INFO: Run Behavior\BuildLiteBehavior [ RunTime:0.000040s ]
INFO: [ app_init ] --END-- [ RunTime:0.000636s ]
INFO: [ app_begin ] --START--
INFO: Run Behavior\ReadHtmlCacheBehavior [ RunTime:0.000956s ]
INFO: [ app_begin ] --END-- [ RunTime:0.001252s ]
SQL: SHOW COLUMNS FROM `topic` [ RunTime:0.0204s ]
SQL: SELECT `id`,`pic` FROM `topic` ORDER BY time desc LIMIT 4   [ RunTime:0.0004s ]
SQL: SHOW COLUMNS FROM `index` [ RunTime:0.0045s ]
SQL: SELECT * FROM `index` ORDER BY time desc LIMIT 1   [ RunTime:0.0043s ]
INFO: [ view_parse ] --START--
INFO: [ template_filter ] --START--
INFO: Run Behavior\ContentReplaceBehavior [ RunTime:0.000306s ]
INFO: [ template_filter ] --END-- [ RunTime:0.000711s ]
INFO: Run Behavior\ParseTemplateBehavior [ RunTime:0.028910s ]
INFO: [ view_parse ] --END-- [ RunTime:0.029220s ]
INFO: [ view_filter ] --START--
INFO: Run Behavior\WriteHtmlCacheBehavior [ RunTime:0.002346s ]
INFO: [ view_filter ] --END-- [ RunTime:0.002808s ]
INFO: [ app_end ] --START--
INFO: Run Behavior\ShowPageTraceBehavior [ RunTime:0.001530s ]
INFO: [ app_end ] --END-- [ RunTime:0.001977s ]

[ 2015-03-01T01:50:34+08:00 ] ::1 /tuan/index.php/Home/
INFO: [ app_init ] --START--
INFO: Run Behavior\BuildLiteBehavior [ RunTime:0.000149s ]
INFO: [ app_init ] --END-- [ RunTime:0.002724s ]
INFO: [ app_begin ] --START--
INFO: Run Behavior\ReadHtmlCacheBehavior [ RunTime:0.001914s ]
INFO: [ app_begin ] --END-- [ RunTime:0.002344s ]
SQL: SHOW COLUMNS FROM `topic` [ RunTime:0.0309s ]
SQL: SELECT `id`,`pic` FROM `topic` ORDER BY time desc LIMIT 4   [ RunTime:0.0016s ]
SQL: SHOW COLUMNS FROM `index` [ RunTime:0.0034s ]
SQL: SELECT * FROM `index` ORDER BY time desc LIMIT 1   [ RunTime:0.0003s ]
INFO: [ view_parse ] --START--
INFO: [ template_filter ] --START--
INFO: Run Behavior\ContentReplaceBehavior [ RunTime:0.000189s ]
INFO: [ template_filter ] --END-- [ RunTime:0.000485s ]
INFO: Run Behavior\ParseTemplateBehavior [ RunTime:0.034899s ]
INFO: [ view_parse ] --END-- [ RunTime:0.035136s ]
INFO: [ view_filter ] --START--
INFO: Run Behavior\WriteHtmlCacheBehavior [ RunTime:0.000547s ]
INFO: [ view_filter ] --END-- [ RunTime:0.000756s ]
INFO: [ app_end ] --START--
INFO: Run Behavior\ShowPageTraceBehavior [ RunTime:0.001600s ]
INFO: [ app_end ] --END-- [ RunTime:0.001961s ]

[ 2015-03-01T01:50:39+08:00 ] ::1 /tuan/index.php/Home/Join/index.html
INFO: [ app_init ] --START--
INFO: Run Behavior\BuildLiteBehavior [ RunTime:0.000114s ]
INFO: [ app_init ] --END-- [ RunTime:0.000997s ]
INFO: [ app_begin ] --START--
INFO: Run Behavior\ReadHtmlCacheBehavior [ RunTime:0.000799s ]
INFO: [ app_begin ] --END-- [ RunTime:0.001039s ]
SQL: SHOW COLUMNS FROM `topic` [ RunTime:0.0148s ]
SQL: SELECT `id`,`pic` FROM `topic` ORDER BY time desc LIMIT 4   [ RunTime:0.0005s ]
SQL: SHOW COLUMNS FROM `goods` [ RunTime:0.0099s ]
SQL: SELECT * FROM `goods`  [ RunTime:0.0022s ]
SQL: SHOW COLUMNS FROM `school` [ RunTime:0.0068s ]
SQL: SELECT * FROM `school`  [ RunTime:0.0017s ]
INFO: [ view_parse ] --START--
INFO: [ template_filter ] --START--
INFO: Run Behavior\ContentReplaceBehavior [ RunTime:0.000430s ]
INFO: [ template_filter ] --END-- [ RunTime:0.000982s ]
INFO: Run Behavior\ParseTemplateBehavior [ RunTime:0.059589s ]
INFO: [ view_parse ] --END-- [ RunTime:0.059943s ]
INFO: [ view_filter ] --START--
INFO: Run Behavior\WriteHtmlCacheBehavior [ RunTime:0.000896s ]
INFO: [ view_filter ] --END-- [ RunTime:0.001163s ]
INFO: [ app_end ] --START--
INFO: Run Behavior\ShowPageTraceBehavior [ RunTime:0.002995s ]
INFO: [ app_end ] --END-- [ RunTime:0.003399s ]

[ 2015-03-01T01:51:05+08:00 ] ::1 /tuan/index.php/Home/Join/index.html
INFO: [ app_init ] --START--
INFO: Run Behavior\BuildLiteBehavior [ RunTime:0.000062s ]
INFO: [ app_init ] --END-- [ RunTime:0.000847s ]
INFO: [ app_begin ] --START--
INFO: Run Behavior\ReadHtmlCacheBehavior [ RunTime:0.000991s ]
INFO: [ app_begin ] --END-- [ RunTime:0.001291s ]
SQL: SHOW COLUMNS FROM `topic` [ RunTime:0.0243s ]
SQL: SELECT `id`,`pic` FROM `topic` ORDER BY time desc LIMIT 4   [ RunTime:0.0004s ]
SQL: SHOW COLUMNS FROM `goods` [ RunTime:0.0039s ]
SQL: SELECT * FROM `goods`  [ RunTime:0.0004s ]
SQL: SHOW COLUMNS FROM `school` [ RunTime:0.0041s ]
SQL: SELECT * FROM `school`  [ RunTime:0.0003s ]
INFO: [ view_parse ] --START--
INFO: [ template_filter ] --START--
INFO: Run Behavior\ContentReplaceBehavior [ RunTime:0.000241s ]
INFO: [ template_filter ] --END-- [ RunTime:0.000520s ]
INFO: Run Behavior\ParseTemplateBehavior [ RunTime:0.038403s ]
INFO: [ view_parse ] --END-- [ RunTime:0.038941s ]
INFO: [ view_filter ] --START--
INFO: Run Behavior\WriteHtmlCacheBehavior [ RunTime:0.001682s ]
INFO: [ view_filter ] --END-- [ RunTime:0.002095s ]
INFO: [ app_end ] --START--
INFO: Run Behavior\ShowPageTraceBehavior [ RunTime:0.002010s ]
INFO: [ app_end ] --END-- [ RunTime:0.002435s ]

[ 2015-03-01T01:57:16+08:00 ] ::1 /tuan/index.php/Home/Join/join.html
INFO: [ app_init ] --START--
INFO: Run Behavior\BuildLiteBehavior [ RunTime:0.000069s ]
INFO: [ app_init ] --END-- [ RunTime:0.001013s ]
INFO: [ app_begin ] --START--
INFO: Run Behavior\ReadHtmlCacheBehavior [ RunTime:0.001234s ]
INFO: [ app_begin ] --END-- [ RunTime:0.001582s ]
SQL: SHOW COLUMNS FROM `topic` [ RunTime:0.0038s ]
SQL: SELECT `id`,`pic` FROM `topic` ORDER BY time desc LIMIT 4   [ RunTime:0.0024s ]
INFO: [ view_parse ] --START--
INFO: [ template_filter ] --START--
INFO: Run Behavior\ContentReplaceBehavior [ RunTime:0.000197s ]
INFO: [ template_filter ] --END-- [ RunTime:0.000547s ]
INFO: Run Behavior\ParseTemplateBehavior [ RunTime:0.086017s ]
INFO: [ view_parse ] --END-- [ RunTime:0.086296s ]
INFO: [ view_filter ] --START--
INFO: Run Behavior\WriteHtmlCacheBehavior [ RunTime:0.000843s ]
INFO: [ view_filter ] --END-- [ RunTime:0.001078s ]

[ 2015-03-01T01:57:19+08:00 ] ::1 /tuan/index.php/Home/Join/index.html
INFO: [ app_init ] --START--
INFO: Run Behavior\BuildLiteBehavior [ RunTime:0.000073s ]
INFO: [ app_init ] --END-- [ RunTime:0.001116s ]
INFO: [ app_begin ] --START--
INFO: Run Behavior\ReadHtmlCacheBehavior [ RunTime:0.001486s ]
INFO: [ app_begin ] --END-- [ RunTime:0.001826s ]
SQL: SHOW COLUMNS FROM `topic` [ RunTime:0.0046s ]
SQL: SELECT `id`,`pic` FROM `topic` ORDER BY time desc LIMIT 4   [ RunTime:0.0005s ]
SQL: SHOW COLUMNS FROM `goods` [ RunTime:0.0032s ]
SQL: SELECT * FROM `goods`  [ RunTime:0.0003s ]
SQL: SHOW COLUMNS FROM `school` [ RunTime:0.0027s ]
SQL: SELECT * FROM `school`  [ RunTime:0.0004s ]
INFO: [ view_parse ] --START--
INFO: [ template_filter ] --START--
INFO: Run Behavior\ContentReplaceBehavior [ RunTime:0.000245s ]
INFO: [ template_filter ] --END-- [ RunTime:0.000476s ]
INFO: Run Behavior\ParseTemplateBehavior [ RunTime:0.032428s ]
INFO: [ view_parse ] --END-- [ RunTime:0.032657s ]
INFO: [ view_filter ] --START--
INFO: Run Behavior\WriteHtmlCacheBehavior [ RunTime:0.000644s ]
INFO: [ view_filter ] --END-- [ RunTime:0.000844s ]
INFO: [ app_end ] --START--
INFO: Run Behavior\ShowPageTraceBehavior [ RunTime:0.000855s ]
INFO: [ app_end ] --END-- [ RunTime:0.001059s ]

[ 2015-03-01T01:57:33+08:00 ] ::1 /tuan/index.php/Home/Join/join.html
INFO: [ app_init ] --START--
INFO: Run Behavior\BuildLiteBehavior [ RunTime:0.000046s ]
INFO: [ app_init ] --END-- [ RunTime:0.000674s ]
INFO: [ app_begin ] --START--
INFO: Run Behavior\ReadHtmlCacheBehavior [ RunTime:0.000885s ]
INFO: [ app_begin ] --END-- [ RunTime:0.001110s ]
SQL: SHOW COLUMNS FROM `topic` [ RunTime:0.0029s ]
SQL: SELECT `id`,`pic` FROM `topic` ORDER BY time desc LIMIT 4   [ RunTime:0.0004s ]
SQL: SHOW COLUMNS FROM `users` [ RunTime:0.0143s ]
SQL: SELECT `id` FROM `users` WHERE ( idcard = 123456789012345680 ) LIMIT 1   [ RunTime:0.0003s ]
SQL: SHOW COLUMNS FROM `blackstore` [ RunTime:0.1023s ]
SQL: SELECT COUNT(*) AS tp_count FROM `blackstore` WHERE ( uid = 51 ) LIMIT 1   [ RunTime:0.0475s ]
INFO: [ view_parse ] --START--
INFO: [ template_filter ] --START--
INFO: Run Behavior\ContentReplaceBehavior [ RunTime:0.000094s ]
INFO: [ template_filter ] --END-- [ RunTime:0.000257s ]
INFO: Run Behavior\ParseTemplateBehavior [ RunTime:0.008882s ]
INFO: [ view_parse ] --END-- [ RunTime:0.009084s ]
INFO: [ view_filter ] --START--
INFO: Run Behavior\WriteHtmlCacheBehavior [ RunTime:0.000539s ]
INFO: [ view_filter ] --END-- [ RunTime:0.000719s ]

[ 2015-03-01T01:57:36+08:00 ] ::1 /tuan/index.php/Home/Join/index.html
INFO: [ app_init ] --START--
INFO: Run Behavior\BuildLiteBehavior [ RunTime:0.000092s ]
INFO: [ app_init ] --END-- [ RunTime:0.001266s ]
INFO: [ app_begin ] --START--
INFO: Run Behavior\ReadHtmlCacheBehavior [ RunTime:0.001717s ]
INFO: [ app_begin ] --END-- [ RunTime:0.002080s ]
SQL: SHOW COLUMNS FROM `topic` [ RunTime:0.0052s ]
SQL: SELECT `id`,`pic` FROM `topic` ORDER BY time desc LIMIT 4   [ RunTime:0.0005s ]
SQL: SHOW COLUMNS FROM `goods` [ RunTime:0.0045s ]
SQL: SELECT * FROM `goods`  [ RunTime:0.0009s ]
SQL: SHOW COLUMNS FROM `school` [ RunTime:0.0056s ]
SQL: SELECT * FROM `school`  [ RunTime:0.0003s ]
INFO: [ view_parse ] --START--
INFO: [ template_filter ] --START--
INFO: Run Behavior\ContentReplaceBehavior [ RunTime:0.000251s ]
INFO: [ template_filter ] --END-- [ RunTime:0.000604s ]
INFO: Run Behavior\ParseTemplateBehavior [ RunTime:0.037232s ]
INFO: [ view_parse ] --END-- [ RunTime:0.037479s ]
INFO: [ view_filter ] --START--
INFO: Run Behavior\WriteHtmlCacheBehavior [ RunTime:0.000787s ]
INFO: [ view_filter ] --END-- [ RunTime:0.001028s ]
INFO: [ app_end ] --START--
INFO: Run Behavior\ShowPageTraceBehavior [ RunTime:0.001102s ]
INFO: [ app_end ] --END-- [ RunTime:0.001345s ]

[ 2015-03-01T01:57:43+08:00 ] ::1 /tuan/index.php/Home/Join/join.html
INFO: [ app_init ] --START--
INFO: Run Behavior\BuildLiteBehavior [ RunTime:0.000037s ]
INFO: [ app_init ] --END-- [ RunTime:0.000531s ]
INFO: [ app_begin ] --START--
INFO: Run Behavior\ReadHtmlCacheBehavior [ RunTime:0.000662s ]
INFO: [ app_begin ] --END-- [ RunTime:0.000829s ]
SQL: SHOW COLUMNS FROM `topic` [ RunTime:0.0034s ]
SQL: SELECT `id`,`pic` FROM `topic` ORDER BY time desc LIMIT 4   [ RunTime:0.0003s ]
SQL: SHOW COLUMNS FROM `users` [ RunTime:0.0035s ]
SQL: SELECT `id` FROM `users` WHERE ( idcard = 123456789012345681 ) LIMIT 1   [ RunTime:0.0017s ]
SQL: SHOW COLUMNS FROM `blackstore` [ RunTime:0.0189s ]
SQL: SELECT COUNT(*) AS tp_count FROM `blackstore` WHERE ( uid = 51 ) LIMIT 1   [ RunTime:0.0011s ]
INFO: [ view_parse ] --START--
INFO: [ template_filter ] --START--
INFO: Run Behavior\ContentReplaceBehavior [ RunTime:0.000145s ]
INFO: [ template_filter ] --END-- [ RunTime:0.000452s ]
INFO: Run Behavior\ParseTemplateBehavior [ RunTime:0.015006s ]
INFO: [ view_parse ] --END-- [ RunTime:0.015499s ]
INFO: [ view_filter ] --START--
INFO: Run Behavior\WriteHtmlCacheBehavior [ RunTime:0.000954s ]
INFO: [ view_filter ] --END-- [ RunTime:0.001265s ]

[ 2015-03-01T01:57:46+08:00 ] ::1 /tuan/index.php/Home/Join/index.html
INFO: [ app_init ] --START--
INFO: Run Behavior\BuildLiteBehavior [ RunTime:0.000206s ]
INFO: [ app_init ] --END-- [ RunTime:0.003414s ]
INFO: [ app_begin ] --START--
INFO: Run Behavior\ReadHtmlCacheBehavior [ RunTime:0.001511s ]
INFO: [ app_begin ] --END-- [ RunTime:0.001939s ]
SQL: SHOW COLUMNS FROM `topic` [ RunTime:0.0071s ]
SQL: SELECT `id`,`pic` FROM `topic` ORDER BY time desc LIMIT 4   [ RunTime:0.0009s ]
SQL: SHOW COLUMNS FROM `goods` [ RunTime:0.0136s ]
SQL: SELECT * FROM `goods`  [ RunTime:0.0005s ]
SQL: SHOW COLUMNS FROM `school` [ RunTime:0.0116s ]
SQL: SELECT * FROM `school`  [ RunTime:0.0018s ]
INFO: [ view_parse ] --START--
INFO: [ template_filter ] --START--
INFO: Run Behavior\ContentReplaceBehavior [ RunTime:0.000387s ]
INFO: [ template_filter ] --END-- [ RunTime:0.001305s ]
INFO: Run Behavior\ParseTemplateBehavior [ RunTime:0.080414s ]
INFO: [ view_parse ] --END-- [ RunTime:0.080827s ]
INFO: [ view_filter ] --START--
INFO: Run Behavior\WriteHtmlCacheBehavior [ RunTime:0.000786s ]
INFO: [ view_filter ] --END-- [ RunTime:0.001043s ]
INFO: [ app_end ] --START--
INFO: Run Behavior\ShowPageTraceBehavior [ RunTime:0.008139s ]
INFO: [ app_end ] --END-- [ RunTime:0.008681s ]

[ 2015-03-01T01:57:48+08:00 ] ::1 /tuan/index.php/Home/Join/index.html
INFO: [ app_init ] --START--
INFO: Run Behavior\BuildLiteBehavior [ RunTime:0.000088s ]
INFO: [ app_init ] --END-- [ RunTime:0.001354s ]
INFO: [ app_begin ] --START--
INFO: Run Behavior\ReadHtmlCacheBehavior [ RunTime:0.001298s ]
INFO: [ app_begin ] --END-- [ RunTime:0.001614s ]
SQL: SHOW COLUMNS FROM `topic` [ RunTime:0.0025s ]
SQL: SELECT `id`,`pic` FROM `topic` ORDER BY time desc LIMIT 4   [ RunTime:0.0004s ]
SQL: SHOW COLUMNS FROM `goods` [ RunTime:0.0030s ]
SQL: SELECT * FROM `goods`  [ RunTime:0.0011s ]
SQL: SHOW COLUMNS FROM `school` [ RunTime:0.0078s ]
SQL: SELECT * FROM `school`  [ RunTime:0.0003s ]
INFO: [ view_parse ] --START--
INFO: [ template_filter ] --START--
INFO: Run Behavior\ContentReplaceBehavior [ RunTime:0.000205s ]
INFO: [ template_filter ] --END-- [ RunTime:0.000766s ]
INFO: Run Behavior\ParseTemplateBehavior [ RunTime:0.050997s ]
INFO: [ view_parse ] --END-- [ RunTime:0.051309s ]
INFO: [ view_filter ] --START--
INFO: Run Behavior\WriteHtmlCacheBehavior [ RunTime:0.001381s ]
INFO: [ view_filter ] --END-- [ RunTime:0.001595s ]
INFO: [ app_end ] --START--
INFO: Run Behavior\ShowPageTraceBehavior [ RunTime:0.001176s ]
INFO: [ app_end ] --END-- [ RunTime:0.001472s ]

[ 2015-03-01T01:58:28+08:00 ] ::1 /tuan/index.php/Home/Join/index.html
INFO: [ app_init ] --START--
INFO: Run Behavior\BuildLiteBehavior [ RunTime:0.000121s ]
INFO: [ app_init ] --END-- [ RunTime:0.002163s ]
INFO: [ app_begin ] --START--
INFO: Run Behavior\ReadHtmlCacheBehavior [ RunTime:0.002245s ]
INFO: [ app_begin ] --END-- [ RunTime:0.002830s ]
SQL: SHOW COLUMNS FROM `topic` [ RunTime:0.0078s ]
SQL: SELECT `id`,`pic` FROM `topic` ORDER BY time desc LIMIT 4   [ RunTime:0.0018s ]
SQL: SHOW COLUMNS FROM `goods` [ RunTime:0.0077s ]
SQL: SELECT * FROM `goods`  [ RunTime:0.0003s ]
SQL: SHOW COLUMNS FROM `school` [ RunTime:0.0033s ]
SQL: SELECT * FROM `school`  [ RunTime:0.0004s ]
INFO: [ view_parse ] --START--
INFO: [ template_filter ] --START--
INFO: Run Behavior\ContentReplaceBehavior [ RunTime:0.000349s ]
INFO: [ template_filter ] --END-- [ RunTime:0.000736s ]
INFO: Run Behavior\ParseTemplateBehavior [ RunTime:0.033827s ]
INFO: [ view_parse ] --END-- [ RunTime:0.034117s ]
INFO: [ view_filter ] --START--
INFO: Run Behavior\WriteHtmlCacheBehavior [ RunTime:0.000733s ]
INFO: [ view_filter ] --END-- [ RunTime:0.000989s ]
INFO: [ app_end ] --START--
INFO: Run Behavior\ShowPageTraceBehavior [ RunTime:0.000801s ]
INFO: [ app_end ] --END-- [ RunTime:0.001011s ]

[ 2015-03-01T01:59:57+08:00 ] ::1 /tuan/index.php/Home/Join/join.html
INFO: [ app_init ] --START--
INFO: Run Behavior\BuildLiteBehavior [ RunTime:0.000076s ]
INFO: [ app_init ] --END-- [ RunTime:0.000826s ]
INFO: [ app_begin ] --START--
INFO: Run Behavior\ReadHtmlCacheBehavior [ RunTime:0.001241s ]
INFO: [ app_begin ] --END-- [ RunTime:0.001498s ]
SQL: SHOW COLUMNS FROM `topic` [ RunTime:0.0059s ]
SQL: SELECT `id`,`pic` FROM `topic` ORDER BY time desc LIMIT 4   [ RunTime:0.0003s ]
SQL: SHOW COLUMNS FROM `users` [ RunTime:0.0032s ]
SQL: SELECT `id` FROM `users` WHERE ( idcard = 123456789012345680 ) LIMIT 1   [ RunTime:0.0004s ]
SQL: SHOW COLUMNS FROM `blackstore` [ RunTime:0.0037s ]
SQL: SELECT COUNT(*) AS tp_count FROM `blackstore` WHERE ( uid = 51 ) LIMIT 1   [ RunTime:0.0004s ]
INFO: [ view_parse ] --START--
INFO: [ template_filter ] --START--
INFO: Run Behavior\ContentReplaceBehavior [ RunTime:0.000212s ]
INFO: [ template_filter ] --END-- [ RunTime:0.000628s ]
INFO: Run Behavior\ParseTemplateBehavior [ RunTime:0.016275s ]
INFO: [ view_parse ] --END-- [ RunTime:0.016610s ]
INFO: [ view_filter ] --START--
INFO: Run Behavior\WriteHtmlCacheBehavior [ RunTime:0.001121s ]
INFO: [ view_filter ] --END-- [ RunTime:0.001359s ]

[ 2015-03-01T02:00:00+08:00 ] ::1 /tuan/index.php/Home/Join/index.html
INFO: [ app_init ] --START--
INFO: Run Behavior\BuildLiteBehavior [ RunTime:0.000205s ]
INFO: [ app_init ] --END-- [ RunTime:0.002916s ]
INFO: [ app_begin ] --START--
INFO: Run Behavior\ReadHtmlCacheBehavior [ RunTime:0.001931s ]
INFO: [ app_begin ] --END-- [ RunTime:0.002316s ]
SQL: SHOW COLUMNS FROM `topic` [ RunTime:0.0362s ]
SQL: SELECT `id`,`pic` FROM `topic` ORDER BY time desc LIMIT 4   [ RunTime:0.0004s ]
SQL: SHOW COLUMNS FROM `goods` [ RunTime:0.0038s ]
SQL: SELECT * FROM `goods`  [ RunTime:0.0003s ]
SQL: SHOW COLUMNS FROM `school` [ RunTime:0.0040s ]
SQL: SELECT * FROM `school`  [ RunTime:0.0010s ]
INFO: [ view_parse ] --START--
INFO: [ template_filter ] --START--
INFO: Run Behavior\ContentReplaceBehavior [ RunTime:0.000295s ]
INFO: [ template_filter ] --END-- [ RunTime:0.000610s ]
INFO: Run Behavior\ParseTemplateBehavior [ RunTime:0.041273s ]
INFO: [ view_parse ] --END-- [ RunTime:0.041561s ]
INFO: [ view_filter ] --START--
INFO: Run Behavior\WriteHtmlCacheBehavior [ RunTime:0.000938s ]
INFO: [ view_filter ] --END-- [ RunTime:0.001269s ]
INFO: [ app_end ] --START--
INFO: Run Behavior\ShowPageTraceBehavior [ RunTime:0.001321s ]
INFO: [ app_end ] --END-- [ RunTime:0.001668s ]

[ 2015-03-01T02:00:50+08:00 ] ::1 /tuan/index.php/Home/Join/index.html
INFO: [ app_init ] --START--
INFO: Run Behavior\BuildLiteBehavior [ RunTime:0.000035s ]
INFO: [ app_init ] --END-- [ RunTime:0.000545s ]
INFO: [ app_begin ] --START--
INFO: Run Behavior\ReadHtmlCacheBehavior [ RunTime:0.000864s ]
INFO: [ app_begin ] --END-- [ RunTime:0.001093s ]
SQL: SHOW COLUMNS FROM `topic` [ RunTime:0.0038s ]
SQL: SELECT `id`,`pic` FROM `topic` ORDER BY time desc LIMIT 4   [ RunTime:0.0004s ]
SQL: SHOW COLUMNS FROM `goods` [ RunTime:0.0079s ]
SQL: SELECT * FROM `goods`  [ RunTime:0.0013s ]
SQL: SHOW COLUMNS FROM `school` [ RunTime:0.0051s ]
SQL: SELECT * FROM `school`  [ RunTime:0.0004s ]
INFO: [ view_parse ] --START--
INFO: [ template_filter ] --START--
INFO: Run Behavior\ContentReplaceBehavior [ RunTime:0.000257s ]
INFO: [ template_filter ] --END-- [ RunTime:0.000591s ]
INFO: Run Behavior\ParseTemplateBehavior [ RunTime:0.032424s ]
INFO: [ view_parse ] --END-- [ RunTime:0.032705s ]
INFO: [ view_filter ] --START--
INFO: Run Behavior\WriteHtmlCacheBehavior [ RunTime:0.000929s ]
INFO: [ view_filter ] --END-- [ RunTime:0.001145s ]
INFO: [ app_end ] --START--
INFO: Run Behavior\ShowPageTraceBehavior [ RunTime:0.000750s ]
INFO: [ app_end ] --END-- [ RunTime:0.001023s ]

[ 2015-03-01T02:04:17+08:00 ] ::1 /tuan/index.php/Home/Join/join.html
INFO: [ app_init ] --START--
INFO: Run Behavior\BuildLiteBehavior [ RunTime:0.000057s ]
INFO: [ app_init ] --END-- [ RunTime:0.000917s ]
INFO: [ app_begin ] --START--
INFO: Run Behavior\ReadHtmlCacheBehavior [ RunTime:0.001017s ]
INFO: [ app_begin ] --END-- [ RunTime:0.001269s ]
SQL: SHOW COLUMNS FROM `topic` [ RunTime:0.0028s ]
SQL: SELECT `id`,`pic` FROM `topic` ORDER BY time desc LIMIT 4   [ RunTime:0.0004s ]
SQL: SHOW COLUMNS FROM `users` [ RunTime:0.0035s ]
SQL: SELECT `id` FROM `users` WHERE ( idcard = 123456789012345680 ) LIMIT 1   [ RunTime:0.0013s ]
SQL: SHOW COLUMNS FROM `blackstore` [ RunTime:0.0060s ]
SQL: SELECT COUNT(*) AS tp_count FROM `blackstore` WHERE ( uid = 51 ) LIMIT 1   [ RunTime:0.0012s ]
INFO: [ app_end ] --START--
INFO: Run Behavior\ShowPageTraceBehavior [ RunTime:0.002036s ]
INFO: [ app_end ] --END-- [ RunTime:0.002469s ]

[ 2015-03-01T02:04:30+08:00 ] ::1 /tuan/index.php/Home/Join/index.html
INFO: [ app_init ] --START--
INFO: Run Behavior\BuildLiteBehavior [ RunTime:0.000086s ]
INFO: [ app_init ] --END-- [ RunTime:0.001098s ]
INFO: [ app_begin ] --START--
INFO: Run Behavior\ReadHtmlCacheBehavior [ RunTime:0.000858s ]
INFO: [ app_begin ] --END-- [ RunTime:0.001096s ]
SQL: SHOW COLUMNS FROM `topic` [ RunTime:0.0025s ]
SQL: SELECT `id`,`pic` FROM `topic` ORDER BY time desc LIMIT 4   [ RunTime:0.0003s ]
SQL: SHOW COLUMNS FROM `goods` [ RunTime:0.0041s ]
SQL: SELECT * FROM `goods`  [ RunTime:0.0005s ]
SQL: SHOW COLUMNS FROM `school` [ RunTime:0.0057s ]
SQL: SELECT * FROM `school`  [ RunTime:0.0004s ]
INFO: [ view_parse ] --START--
INFO: [ template_filter ] --START--
INFO: Run Behavior\ContentReplaceBehavior [ RunTime:0.000157s ]
INFO: [ template_filter ] --END-- [ RunTime:0.000332s ]
INFO: Run Behavior\ParseTemplateBehavior [ RunTime:0.028769s ]
INFO: [ view_parse ] --END-- [ RunTime:0.029145s ]
INFO: [ view_filter ] --START--
INFO: Run Behavior\WriteHtmlCacheBehavior [ RunTime:0.001560s ]
INFO: [ view_filter ] --END-- [ RunTime:0.001855s ]
INFO: [ app_end ] --START--
INFO: Run Behavior\ShowPageTraceBehavior [ RunTime:0.001399s ]
INFO: [ app_end ] --END-- [ RunTime:0.001755s ]

[ 2015-03-01T02:05:58+08:00 ] ::1 /tuan/index.php/Home/Join/join.html
INFO: [ app_init ] --START--
INFO: Run Behavior\BuildLiteBehavior [ RunTime:0.000077s ]
INFO: [ app_init ] --END-- [ RunTime:0.000825s ]
INFO: [ app_begin ] --START--
INFO: Run Behavior\ReadHtmlCacheBehavior [ RunTime:0.001678s ]
INFO: [ app_begin ] --END-- [ RunTime:0.001975s ]
SQL: SHOW COLUMNS FROM `topic` [ RunTime:0.0067s ]
SQL: SELECT `id`,`pic` FROM `topic` ORDER BY time desc LIMIT 4   [ RunTime:0.0009s ]
SQL: SHOW COLUMNS FROM `users` [ RunTime:0.0040s ]
SQL: SELECT `id` FROM `users` WHERE ( idcard = 123456789012345680 ) LIMIT 1   [ RunTime:0.0006s ]
SQL: SHOW COLUMNS FROM `blackstore` [ RunTime:0.0056s ]
SQL: SELECT COUNT(*) AS tp_count FROM `blackstore` WHERE ( uid = 51 ) LIMIT 1   [ RunTime:0.0003s ]

[ 2015-03-01T02:06:40+08:00 ] ::1 /tuan/index.php/Home/Join/join.html
INFO: [ app_init ] --START--
INFO: Run Behavior\BuildLiteBehavior [ RunTime:0.000082s ]
INFO: [ app_init ] --END-- [ RunTime:0.001269s ]
INFO: [ app_begin ] --START--
INFO: Run Behavior\ReadHtmlCacheBehavior [ RunTime:0.001545s ]
INFO: [ app_begin ] --END-- [ RunTime:0.002526s ]
SQL: SHOW COLUMNS FROM `topic` [ RunTime:0.0218s ]
SQL: SELECT `id`,`pic` FROM `topic` ORDER BY time desc LIMIT 4   [ RunTime:0.0003s ]
SQL: SHOW COLUMNS FROM `users` [ RunTime:0.0105s ]
SQL: SELECT `id` FROM `users` WHERE ( idcard = 123456789012345680 ) LIMIT 1   [ RunTime:0.0004s ]
SQL: SHOW COLUMNS FROM `blackstore` [ RunTime:0.0041s ]
SQL: SELECT COUNT(*) AS tp_count FROM `blackstore` WHERE ( uid = 51 ) LIMIT 1   [ RunTime:0.0013s ]
INFO: [ app_end ] --START--
INFO: Run Behavior\ShowPageTraceBehavior [ RunTime:0.003153s ]
INFO: [ app_end ] --END-- [ RunTime:0.003690s ]

[ 2015-03-01T02:50:42+08:00 ] ::1 /tuan/index.php/Home/User/index.html
ERR: SQLSTATE[42000]: Syntax error or access violation: 1064 You have an error in your SQL syntax; check the manual that corresponds to your MySQL server version for the right syntax to use near ')' at line 1

[ 2015-03-01T02:50:53+08:00 ] ::1 /tuan/index.php/Home/User/index.html
ERR: SQLSTATE[42000]: Syntax error or access violation: 1064 You have an error in your SQL syntax; check the manual that corresponds to your MySQL server version for the right syntax to use near ')' at line 1

[ 2015-03-01T02:52:18+08:00 ] ::1 /tuan/index.php/Home/User/index.html
ERR: SQLSTATE[42000]: Syntax error or access violation: 1064 You have an error in your SQL syntax; check the manual that corresponds to your MySQL server version for the right syntax to use near ')' at line 1

[ 2015-03-01T15:01:41+08:00 ] ::1 /tuan/index.php/Home/
INFO: [ app_init ] --START--
INFO: Run Behavior\BuildLiteBehavior [ RunTime:0.000038s ]
INFO: [ app_init ] --END-- [ RunTime:0.000768s ]
INFO: [ app_begin ] --START--
INFO: Run Behavior\ReadHtmlCacheBehavior [ RunTime:0.000967s ]
INFO: [ app_begin ] --END-- [ RunTime:0.001150s ]
ERR: SQLSTATE[HY000] [2002] ”…”⁄¡¨Ω”∑Ω‘⁄“ª∂Œ ±º‰∫Û√ª”–’˝»∑¥∏¥ªÚ¡¨Ω”µƒ÷˜ª˙√ª”–∑¥”¶£¨¡¨Ω”≥¢ ‘ ß∞‹°£


[ 2015-03-01T15:05:10+08:00 ] ::1 /tuan/index.php/Home/Person/index.html?person_id=
ERR: SQLSTATE[42000]: Syntax error or access violation: 1064 You have an error in your SQL syntax; check the manual that corresponds to your MySQL server version for the right syntax to use near ')' at line 1

[ 2015-03-01T15:07:30+08:00 ] ::1 /tuan/index.php/Home/Person/index.html?person_id=
ERR: SQLSTATE[42000]: Syntax error or access violation: 1064 You have an error in your SQL syntax; check the manual that corresponds to your MySQL server version for the right syntax to use near ')' at line 1

[ 2015-03-01T15:11:40+08:00 ] ::1 /tuan/index.php/Home/List/index.html
ERR: SQLSTATE[42000]: Syntax error or access violation: 1064 You have an error in your SQL syntax; check the manual that corresponds to your MySQL server version for the right syntax to use near ') LIMIT 1' at line 1

[ 2015-03-01T15:12:18+08:00 ] ::1 /tuan/index.php/Home/Person/index.html?person_id=
ERR: SQLSTATE[42000]: Syntax error or access violation: 1064 You have an error in your SQL syntax; check the manual that corresponds to your MySQL server version for the right syntax to use near ')' at line 1

[ 2015-03-01T15:33:25+08:00 ] ::1 /tuan/index.php/Home/
INFO: [ app_init ] --START--
INFO: Run Behavior\BuildLiteBehavior [ RunTime:0.000134s ]
INFO: [ app_init ] --END-- [ RunTime:0.001689s ]
INFO: [ app_begin ] --START--
INFO: Run Behavior\ReadHtmlCacheBehavior [ RunTime:0.000671s ]
INFO: [ app_begin ] --END-- [ RunTime:0.000835s ]
ERR: SQLSTATE[HY000] [2002] ”…”⁄¡¨Ω”∑Ω‘⁄“ª∂Œ ±º‰∫Û√ª”–’˝»∑¥∏¥ªÚ¡¨Ω”µƒ÷˜ª˙√ª”–∑¥”¶£¨¡¨Ω”≥¢ ‘ ß∞‹°£


[ 2015-03-01T15:33:29+08:00 ] ::1 /tuan/index.php/Home/
INFO: [ app_init ] --START--
INFO: Run Behavior\BuildLiteBehavior [ RunTime:0.000126s ]
INFO: [ app_init ] --END-- [ RunTime:0.001410s ]
INFO: [ app_begin ] --START--
INFO: Run Behavior\ReadHtmlCacheBehavior [ RunTime:0.001245s ]
INFO: [ app_begin ] --END-- [ RunTime:0.001590s ]
SQL: SHOW COLUMNS FROM `topic` [ RunTime:0.0053s ]
SQL: SELECT `id`,`pic` FROM `topic` ORDER BY time desc LIMIT 4   [ RunTime:0.0011s ]
SQL: SHOW COLUMNS FROM `index` [ RunTime:0.0085s ]
SQL: SELECT * FROM `index` ORDER BY time desc LIMIT 1   [ RunTime:0.0006s ]
INFO: [ view_parse ] --START--
INFO: [ template_filter ] --START--
INFO: Run Behavior\ContentReplaceBehavior [ RunTime:0.000116s ]
INFO: [ template_filter ] --END-- [ RunTime:0.000341s ]
INFO: Run Behavior\ParseTemplateBehavior [ RunTime:0.018850s ]
INFO: [ view_parse ] --END-- [ RunTime:0.019292s ]
INFO: [ view_filter ] --START--
INFO: Run Behavior\WriteHtmlCacheBehavior [ RunTime:0.001601s ]
INFO: [ view_filter ] --END-- [ RunTime:0.001840s ]
INFO: [ app_end ] --START--
INFO: Run Behavior\ShowPageTraceBehavior [ RunTime:0.001765s ]
INFO: [ app_end ] --END-- [ RunTime:0.002095s ]

[ 2015-03-01T15:33:31+08:00 ] ::1 /tuan/index.php/Home/List/index.html
INFO: [ app_init ] --START--
INFO: Run Behavior\BuildLiteBehavior [ RunTime:0.000064s ]
INFO: [ app_init ] --END-- [ RunTime:0.001254s ]
INFO: [ app_begin ] --START--
INFO: Run Behavior\ReadHtmlCacheBehavior [ RunTime:0.004928s ]
INFO: [ app_begin ] --END-- [ RunTime:0.005659s ]
SQL: SHOW COLUMNS FROM `topic` [ RunTime:0.0062s ]
SQL: SELECT `id`,`pic` FROM `topic` ORDER BY time desc LIMIT 4   [ RunTime:0.0004s ]
SQL: SHOW COLUMNS FROM `store` [ RunTime:0.0095s ]
SQL: SELECT * FROM `store` WHERE ( status = 1 ) ORDER BY click_num desc LIMIT 5   [ RunTime:0.0006s ]
SQL: SHOW COLUMNS FROM `users` [ RunTime:0.0031s ]
SQL: SELECT `nickname` FROM `users` WHERE ( id = 10 ) LIMIT 1   [ RunTime:0.0003s ]
SQL: SELECT `nickname` FROM `users` WHERE ( id = 4 ) LIMIT 1   [ RunTime:0.0002s ]
SQL: SELECT `nickname` FROM `users` WHERE ( id = 51 ) LIMIT 1   [ RunTime:0.0002s ]
SQL: SELECT `nickname` FROM `users` WHERE ( id = 53 ) LIMIT 1   [ RunTime:0.0002s ]
SQL: SELECT `nickname` FROM `users` WHERE ( id = 54 ) LIMIT 1   [ RunTime:0.0002s ]
SQL: SHOW COLUMNS FROM `store_goods` [ RunTime:0.0027s ]
SQL: SELECT `type` FROM `store_goods` JOIN goods ON store_goods.goods_id = goods.id  WHERE ( store_id = 19 )  [ RunTime:0.0004s ]
SQL: SHOW COLUMNS FROM `store_tag` [ RunTime:0.0022s ]
SQL: SELECT `tag_name` FROM `store_tag` JOIN tags ON store_tag.tag_id = tags.id  WHERE ( store_id = 19 )  [ RunTime:0.0004s ]
SQL: SHOW COLUMNS FROM `person` [ RunTime:0.0045s ]
SQL: SELECT `id` FROM `person` WHERE ( store_id = 19 ) LIMIT 1   [ RunTime:0.0003s ]
SQL: SELECT `type` FROM `store_goods` JOIN goods ON store_goods.goods_id = goods.id  WHERE ( store_id = 8 )  [ RunTime:0.0016s ]
SQL: SELECT `tag_name` FROM `store_tag` JOIN tags ON store_tag.tag_id = tags.id  WHERE ( store_id = 8 )  [ RunTime:0.0015s ]
SQL: SELECT `id` FROM `person` WHERE ( store_id = 8 ) LIMIT 1   [ RunTime:0.0010s ]
SQL: SELECT `type` FROM `store_goods` JOIN goods ON store_goods.goods_id = goods.id  WHERE ( store_id = 62 )  [ RunTime:0.0012s ]
SQL: SELECT `tag_name` FROM `store_tag` JOIN tags ON store_tag.tag_id = tags.id  WHERE ( store_id = 62 )  [ RunTime:0.0013s ]
SQL: SELECT `id` FROM `person` WHERE ( store_id = 62 ) LIMIT 1   [ RunTime:0.0004s ]
SQL: SELECT `type` FROM `store_goods` JOIN goods ON store_goods.goods_id = goods.id  WHERE ( store_id = 64 )  [ RunTime:0.0005s ]
SQL: SELECT `tag_name` FROM `store_tag` JOIN tags ON store_tag.tag_id = tags.id  WHERE ( store_id = 64 )  [ RunTime:0.0005s ]
SQL: SELECT `id` FROM `person` WHERE ( store_id = 64 ) LIMIT 1   [ RunTime:0.0003s ]
SQL: SELECT `type` FROM `store_goods` JOIN goods ON store_goods.goods_id = goods.id  WHERE ( store_id = 65 )  [ RunTime:0.0003s ]
SQL: SELECT `tag_name` FROM `store_tag` JOIN tags ON store_tag.tag_id = tags.id  WHERE ( store_id = 65 )  [ RunTime:0.0003s ]
SQL: SELECT `id` FROM `person` WHERE ( store_id = 65 ) LIMIT 1   [ RunTime:0.0002s ]
INFO: [ view_parse ] --START--
INFO: [ template_filter ] --START--
INFO: Run Behavior\ContentReplaceBehavior [ RunTime:0.000142s ]
INFO: [ template_filter ] --END-- [ RunTime:0.000339s ]
NOTIC: [2] Invalid argument supplied for foreach() D:\wamp\www\tuan\Application\Runtime\Cache\Home\42fc7c8ee03e2fee3718917602a7ce2d.php Á¨¨ 101 Ë°å.
NOTIC: [2] Invalid argument supplied for foreach() D:\wamp\www\tuan\Application\Runtime\Cache\Home\42fc7c8ee03e2fee3718917602a7ce2d.php Á¨¨ 105 Ë°å.
INFO: Run Behavior\ParseTemplateBehavior [ RunTime:0.034679s ]
INFO: [ view_parse ] --END-- [ RunTime:0.034870s ]
INFO: [ view_filter ] --START--
INFO: Run Behavior\WriteHtmlCacheBehavior [ RunTime:0.000487s ]
INFO: [ view_filter ] --END-- [ RunTime:0.000649s ]
INFO: [ app_end ] --START--
INFO: Run Behavior\ShowPageTraceBehavior [ RunTime:0.000897s ]
INFO: [ app_end ] --END-- [ RunTime:0.001090s ]

[ 2015-03-01T15:33:33+08:00 ] ::1 /tuan/index.php/Home/List/tag.html
INFO: [ app_init ] --START--
INFO: Run Behavior\BuildLiteBehavior [ RunTime:0.000052s ]
INFO: [ app_init ] --END-- [ RunTime:0.000915s ]
INFO: [ app_begin ] --START--
INFO: Run Behavior\ReadHtmlCacheBehavior [ RunTime:0.003518s ]
INFO: [ app_begin ] --END-- [ RunTime:0.004165s ]
SQL: SHOW COLUMNS FROM `topic` [ RunTime:0.0123s ]
SQL: SELECT `id`,`pic` FROM `topic` ORDER BY time desc LIMIT 4   [ RunTime:0.0004s ]
SQL: SHOW COLUMNS FROM `tags` [ RunTime:0.0026s ]
SQL: SELECT * FROM `tags` WHERE ( tag_name is not null ) ORDER BY click_num desc LIMIT 10   [ RunTime:0.0005s ]
INFO: [ view_parse ] --START--
INFO: [ template_filter ] --START--
INFO: Run Behavior\ContentReplaceBehavior [ RunTime:0.000137s ]
INFO: [ template_filter ] --END-- [ RunTime:0.000310s ]
INFO: Run Behavior\ParseTemplateBehavior [ RunTime:0.356490s ]
INFO: [ view_parse ] --END-- [ RunTime:0.356911s ]
INFO: [ view_filter ] --START--
INFO: Run Behavior\WriteHtmlCacheBehavior [ RunTime:0.001106s ]
INFO: [ view_filter ] --END-- [ RunTime:0.001365s ]
INFO: [ app_end ] --START--
INFO: Run Behavior\ShowPageTraceBehavior [ RunTime:0.000666s ]
INFO: [ app_end ] --END-- [ RunTime:0.000824s ]

[ 2015-03-01T15:42:40+08:00 ] ::1 /tuan/index.php/Home/List/tag.html
ERR: Ë°®ËææÂºèÈîôËØØ:<>

[ 2015-03-01T15:42:51+08:00 ] ::1 /tuan/index.php/Home/List/tag.html
ERR: Ë°®ËææÂºèÈîôËØØ:<>

