[ 2015-02-07T20:10:10+08:00 ] ::1 /tuan/index.php/resources/images/loading.gif
ERR: 无法加载模块:Resources

[ 2015-02-07T20:10:10+08:00 ] ::1 /tuan/index.php/resources/images/closelabel.gif
ERR: 无法加载模块:Resources

[ 2015-02-07T20:15:05+08:00 ] ::1 /tuan/index.php/resources/images/closelabel.gif
ERR: 无法加载模块:Resources

[ 2015-02-07T20:15:05+08:00 ] ::1 /tuan/index.php/resources/images/loading.gif
ERR: 无法加载模块:Resources

[ 2015-02-07T20:15:33+08:00 ] ::1 /tuan/index.php/resources/images/loading.gif
ERR: 无法加载模块:Resources

[ 2015-02-07T20:15:33+08:00 ] ::1 /tuan/index.php/resources/images/closelabel.gif
ERR: 无法加载模块:Resources

[ 2015-02-07T20:24:00+08:00 ] ::1 /tuan/index.php/resources/images/loading.gif
ERR: 无法加载模块:Resources

[ 2015-02-07T20:24:00+08:00 ] ::1 /tuan/index.php/resources/images/closelabel.gif
ERR: 无法加载模块:Resources

[ 2015-02-07T20:24:25+08:00 ] ::1 /tuan/index.php/resources/images/closelabel.gif
ERR: 无法加载模块:Resources

[ 2015-02-07T20:24:25+08:00 ] ::1 /tuan/index.php/resources/images/loading.gif
ERR: 无法加载模块:Resources

[ 2015-02-07T20:25:00+08:00 ] ::1 /tuan/index.php/resources/images/closelabel.gif
ERR: 无法加载模块:Resources

[ 2015-02-07T20:25:00+08:00 ] ::1 /tuan/index.php/resources/images/loading.gif
ERR: 无法加载模块:Resources

[ 2015-02-07T23:14:46+08:00 ] ::1 /tuan/Public/wysiwyg/external/jquery.min.map
ERR: 无法加载模块:Public

[ 2015-02-07T23:16:31+08:00 ] ::1 /tuan/Public/wysiwyg/external/jquery.min.map
ERR: 无法加载模块:Public

[ 2015-02-07T23:17:00+08:00 ] ::1 /tuan/Public/wysiwyg/external/jquery.min.map
ERR: 无法加载模块:Public

[ 2015-02-07T23:17:23+08:00 ] ::1 /tuan/Public/wysiwyg/external/jquery.min.map
ERR: 无法加载模块:Public

[ 2015-02-07T23:17:29+08:00 ] ::1 /tuan/Public/wysiwyg/external/jquery.min.map
ERR: 无法加载模块:Public

[ 2015-02-07T23:18:03+08:00 ] ::1 /tuan/Public/wysiwyg/external/jquery.min.map
ERR: 无法加载模块:Public

[ 2015-02-07T23:18:26+08:00 ] ::1 /tuan/Public/wysiwyg/external/jquery.min.map
ERR: 无法加载模块:Public

[ 2015-02-07T23:18:49+08:00 ] ::1 /tuan/Public/wysiwyg/external/jquery.min.map
ERR: 无法加载模块:Public

[ 2015-02-07T23:21:48+08:00 ] ::1 /tuan/Public/wysiwyg/external/jquery.min.map
ERR: 无法加载模块:Public

[ 2015-02-07T23:23:46+08:00 ] ::1 /tuan/Public/wysiwyg/external/jquery.min.map
ERR: 无法加载模块:Public

[ 2015-02-07T23:24:06+08:00 ] ::1 /tuan/Public/wysiwyg/external/jquery.min.map
ERR: 无法加载模块:Public

[ 2015-02-07T23:25:04+08:00 ] ::1 /tuan/Public/wysiwyg/external/jquery.min.map
ERR: 无法加载模块:Public

[ 2015-02-07T23:28:24+08:00 ] ::1 /tuan/Public/wysiwyg/external/jquery.min.map
ERR: 无法加载模块:Public

[ 2015-02-07T23:30:21+08:00 ] ::1 /tuan/Public/wysiwyg/external/jquery.min.map
ERR: 无法加载模块:Public

[ 2015-02-07T23:30:38+08:00 ] ::1 /tuan/Public/wysiwyg/external/jquery.min.map
ERR: 无法加载模块:Public

[ 2015-02-07T23:32:29+08:00 ] ::1 /tuan/Public/wysiwyg/external/jquery.min.map
ERR: 无法加载模块:Public

[ 2015-02-07T23:34:36+08:00 ] ::1 /tuan/Public/wysiwyg/external/jquery.min.map
ERR: 无法加载模块:Public

[ 2015-02-07T23:35:01+08:00 ] ::1 /tuan/Public/wysiwyg/external/jquery.min.map
ERR: 无法加载模块:Public

[ 2015-02-07T23:35:23+08:00 ] ::1 /tuan/Public/wysiwyg/external/jquery.min.map
ERR: 无法加载模块:Public

[ 2015-02-07T23:35:48+08:00 ] ::1 /tuan/Public/wysiwyg/external/jquery.min.map
ERR: 无法加载模块:Public

[ 2015-02-07T23:37:58+08:00 ] ::1 /tuan/Public/wysiwyg/external/jquery.min.map
ERR: 无法加载模块:Public

[ 2015-02-07T23:38:58+08:00 ] ::1 /tuan/Public/wysiwyg/external/jquery.min.map
ERR: 无法加载模块:Public

[ 2015-02-07T23:39:25+08:00 ] ::1 /tuan/Public/wysiwyg/external/jquery.min.map
ERR: 无法加载模块:Public

[ 2015-02-07T23:39:55+08:00 ] ::1 /tuan/Public/wysiwyg/external/jquery.min.map
ERR: 无法加载模块:Public

[ 2015-02-07T23:49:51+08:00 ] ::1 /tuan/Public/wysiwyg/external/jquery.min.map
ERR: 无法加载模块:Public

[ 2015-02-07T23:49:57+08:00 ] ::1 /tuan/Public/wysiwyg/external/jquery.min.map
ERR: 无法加载模块:Public

[ 2015-02-07T23:50:05+08:00 ] ::1 /tuan/Public/wysiwyg/external/jquery.min.map
ERR: 无法加载模块:Public

[ 2015-02-07T23:50:09+08:00 ] ::1 /tuan/Public/wysiwyg/external/jquery.min.map
ERR: 无法加载模块:Public

[ 2015-02-07T23:50:52+08:00 ] ::1 /tuan/Public/wysiwyg/external/jquery.min.map
ERR: 无法加载模块:Public

[ 2015-02-07T23:51:39+08:00 ] ::1 /tuan/Public/wysiwyg/external/jquery.min.map
ERR: 无法加载模块:Public

[ 2015-02-07T23:52:14+08:00 ] ::1 /tuan/Public/wysiwyg/external/jquery.min.map
ERR: 无法加载模块:Public

[ 2015-02-07T23:53:44+08:00 ] ::1 /tuan/Public/wysiwyg/external/jquery.min.map
ERR: 无法加载模块:Public

[ 2015-02-07T23:54:17+08:00 ] ::1 /tuan/Public/wysiwyg/external/jquery.min.map
ERR: 无法加载模块:Public

[ 2015-02-07T23:54:30+08:00 ] ::1 /tuan/Public/wysiwyg/external/jquery.min.map
ERR: 无法加载模块:Public

[ 2015-02-07T23:55:21+08:00 ] ::1 /tuan/Public/wysiwyg/external/jquery.min.map
ERR: 无法加载模块:Public

[ 2015-02-07T23:56:41+08:00 ] ::1 /tuan/Public/wysiwyg/external/jquery.min.map
ERR: 无法加载模块:Public

[ 2015-02-07T23:57:11+08:00 ] ::1 /tuan/Public/wysiwyg/external/jquery.min.map
ERR: 无法加载模块:Public

[ 2015-02-07T23:57:34+08:00 ] ::1 /tuan/Public/wysiwyg/external/jquery.min.map
ERR: 无法加载模块:Public

[ 2015-02-07T23:57:44+08:00 ] ::1 /tuan/Public/wysiwyg/external/jquery.min.map
ERR: 无法加载模块:Public

[ 2015-02-07T23:58:04+08:00 ] ::1 /tuan/Public/wysiwyg/external/jquery.min.map
ERR: 无法加载模块:Public

[ 2015-02-07T23:58:16+08:00 ] ::1 /tuan/Public/wysiwyg/external/jquery.min.map
ERR: 无法加载模块:Public

[ 2015-02-07T23:58:30+08:00 ] ::1 /tuan/Public/wysiwyg/external/jquery.min.map
ERR: 无法加载模块:Public

[ 2015-02-07T23:58:40+08:00 ] ::1 /tuan/Public/wysiwyg/external/jquery.min.map
ERR: 无法加载模块:Public

[ 2015-02-07T23:58:55+08:00 ] ::1 /tuan/Public/wysiwyg/external/jquery.min.map
ERR: 无法加载模块:Public

[ 2015-02-07T23:59:47+08:00 ] ::1 /tuan/Public/wysiwyg/external/jquery.min.map
ERR: 无法加载模块:Public

