[ 2015-02-09T15:50:38+08:00 ] ::1 /tuan/index.php/Admin/Info/manage.html
ERR: 非法操作:manage

[ 2015-02-09T19:18:20+08:00 ] ::1 /tuan/index.php/Admin/Info/user.html
ERR: SQLSTATE[42S22]: Column not found: 1054 Unknown column 'user.id' in 'field list'

[ 2015-02-09T19:21:44+08:00 ] ::1 /tuan/index.php/Admin/Info/type.html
ERR: 非法操作:type

[ 2015-02-09T19:45:56+08:00 ] ::1 /tuan/index.php/Admin/Index/judge.html
INFO: [ app_begin ] --START--
INFO: Run Behavior\ReadHtmlCacheBehavior [ RunTime:0.000987s ]
INFO: [ app_begin ] --END-- [ RunTime:0.001726s ]
NOTIC: [8] Undefined index: action D:\wamp\www\tuan\Application\Admin\Controller\IndexController.class.php 第 69 行.
INFO: [ app_end ] --START--
INFO: Run Behavior\ShowPageTraceBehavior [ RunTime:0.001838s ]
INFO: [ app_end ] --END-- [ RunTime:0.002118s ]

[ 2015-02-09T19:46:22+08:00 ] ::1 /tuan/index.php/Admin/Info/storeUpdate.html
INFO: [ app_begin ] --START--
INFO: Run Behavior\ReadHtmlCacheBehavior [ RunTime:0.001678s ]
INFO: [ app_begin ] --END-- [ RunTime:0.003532s ]
INFO: [ app_end ] --START--
INFO: Run Behavior\ShowPageTraceBehavior [ RunTime:0.000996s ]
INFO: [ app_end ] --END-- [ RunTime:0.001233s ]

[ 2015-02-09T19:47:13+08:00 ] ::1 /tuan/index.php/Admin/Info/storeUpdate.html
INFO: [ app_begin ] --START--
INFO: Run Behavior\ReadHtmlCacheBehavior [ RunTime:0.003348s ]
INFO: [ app_begin ] --END-- [ RunTime:0.005331s ]
INFO: [ app_end ] --START--
INFO: Run Behavior\ShowPageTraceBehavior [ RunTime:0.000824s ]
INFO: [ app_end ] --END-- [ RunTime:0.000983s ]

[ 2015-02-09T19:47:25+08:00 ] ::1 /tuan/index.php/Admin/Info/storeUpdate.html
INFO: [ app_begin ] --START--
INFO: Run Behavior\ReadHtmlCacheBehavior [ RunTime:0.001725s ]
INFO: [ app_begin ] --END-- [ RunTime:0.003804s ]
NOTIC: [8] Undefined index: goods_type_id D:\wamp\www\tuan\Application\Admin\Controller\InfoController.class.php 第 57 行.
SQL: SHOW COLUMNS FROM `store` [ RunTime:0.0028s ]
SQL: UPDATE `store` SET `store_name`='吃吃吃吃吃吃吃吃1',`school_id`='3',`link`='http://longzy.sinaapp.com/' WHERE ( id = 1 ) [ RunTime:0.0004s ]
SQL: SHOW COLUMNS FROM `store_goods` [ RunTime:0.0036s ]
SQL: UPDATE `store_goods` SET `goods_id`=NULL WHERE ( store_id = 1 ) [ RunTime:0.0446s ]

[ 2015-02-09T19:47:30+08:00 ] ::1 /tuan/index.php/Admin/Info/storeUpdate.html
INFO: [ app_begin ] --START--
INFO: Run Behavior\ReadHtmlCacheBehavior [ RunTime:0.001505s ]
INFO: [ app_begin ] --END-- [ RunTime:0.004341s ]
NOTIC: [8] Undefined index: goods_type_id D:\wamp\www\tuan\Application\Admin\Controller\InfoController.class.php 第 57 行.
SQL: SHOW COLUMNS FROM `store` [ RunTime:0.0025s ]
SQL: UPDATE `store` SET `store_name`='吃吃吃吃吃吃吃吃1',`school_id`='3',`link`='http://longzy.sinaapp.com/' WHERE ( id = 3 ) [ RunTime:0.0016s ]
SQL: SHOW COLUMNS FROM `store_goods` [ RunTime:0.0022s ]
SQL: UPDATE `store_goods` SET `goods_id`=NULL WHERE ( store_id = 3 ) [ RunTime:0.0819s ]

[ 2015-02-09T19:49:04+08:00 ] ::1 /tuan/index.php/Admin/Info/storeUpdate.html
INFO: [ app_begin ] --START--
INFO: Run Behavior\ReadHtmlCacheBehavior [ RunTime:0.002571s ]
INFO: [ app_begin ] --END-- [ RunTime:0.004324s ]
SQL: SHOW COLUMNS FROM `store` [ RunTime:0.0055s ]
SQL: UPDATE `store` SET `store_name`='吃吃吃吃吃吃吃吃12',`school_id`='3',`link`='http://longzy.sinaapp.com/' WHERE ( id = 1 ) [ RunTime:0.0004s ]
SQL: SHOW COLUMNS FROM `store_goods` [ RunTime:0.0046s ]
SQL: UPDATE `store_goods` SET `goods_id`='1' WHERE ( store_id = 1 ) [ RunTime:0.0364s ]

[ 2015-02-09T19:49:08+08:00 ] ::1 /tuan/index.php/Admin/Info/storeUpdate.html
INFO: [ app_begin ] --START--
INFO: Run Behavior\ReadHtmlCacheBehavior [ RunTime:0.001525s ]
INFO: [ app_begin ] --END-- [ RunTime:0.004773s ]
SQL: SHOW COLUMNS FROM `store` [ RunTime:0.0029s ]
SQL: UPDATE `store` SET `store_name`='吃吃吃吃吃吃吃吃31',`school_id`='3',`link`='http://longzy.sinaapp.com/' WHERE ( id = 3 ) [ RunTime:0.0003s ]
SQL: SHOW COLUMNS FROM `store_goods` [ RunTime:0.0020s ]
SQL: UPDATE `store_goods` SET `goods_id`='3' WHERE ( store_id = 3 ) [ RunTime:0.0409s ]

[ 2015-02-09T19:49:25+08:00 ] ::1 /tuan/index.php/Admin/Info/storeUpdate.html
INFO: [ app_begin ] --START--
INFO: Run Behavior\ReadHtmlCacheBehavior [ RunTime:0.002832s ]
INFO: [ app_begin ] --END-- [ RunTime:0.004098s ]
SQL: SHOW COLUMNS FROM `store` [ RunTime:0.0043s ]
SQL: UPDATE `store` SET `store_name`='吃货2',`school_id`='4',`link`='http://longzy.sinaapp.com/' WHERE ( id = 6 ) [ RunTime:0.0003s ]
SQL: SHOW COLUMNS FROM `store_goods` [ RunTime:0.0019s ]
SQL: UPDATE `store_goods` SET `goods_id`='3' WHERE ( store_id = 6 ) [ RunTime:0.0678s ]

[ 2015-02-09T19:49:28+08:00 ] ::1 /tuan/index.php/Admin/Info/storeUpdate.html
INFO: [ app_begin ] --START--
INFO: Run Behavior\ReadHtmlCacheBehavior [ RunTime:0.001567s ]
INFO: [ app_begin ] --END-- [ RunTime:0.004124s ]
SQL: SHOW COLUMNS FROM `store` [ RunTime:0.0049s ]
SQL: UPDATE `store` SET `store_name`='吃货2',`school_id`='4',`link`='http://longzy.sinaapp.com/' WHERE ( id = 6 ) [ RunTime:0.0003s ]
SQL: SHOW COLUMNS FROM `store_goods` [ RunTime:0.0033s ]
SQL: UPDATE `store_goods` SET `goods_id`='2' WHERE ( store_id = 6 ) [ RunTime:0.0437s ]

[ 2015-02-09T19:49:33+08:00 ] ::1 /tuan/index.php/Admin/Info/storeUpdate.html
INFO: [ app_begin ] --START--
INFO: Run Behavior\ReadHtmlCacheBehavior [ RunTime:0.001025s ]
INFO: [ app_begin ] --END-- [ RunTime:0.002291s ]
SQL: SHOW COLUMNS FROM `store` [ RunTime:0.0028s ]
SQL: UPDATE `store` SET `store_name`='吃货2',`school_id`='2',`link`='http://longzy.sinaapp.com/' WHERE ( id = 6 ) [ RunTime:0.0004s ]
SQL: SHOW COLUMNS FROM `store_goods` [ RunTime:0.0022s ]
SQL: UPDATE `store_goods` SET `goods_id`='2' WHERE ( store_id = 6 ) [ RunTime:0.0455s ]

[ 2015-02-09T19:49:37+08:00 ] ::1 /tuan/index.php/Admin/Info/storeUpdate.html
INFO: [ app_begin ] --START--
INFO: Run Behavior\ReadHtmlCacheBehavior [ RunTime:0.001594s ]
INFO: [ app_begin ] --END-- [ RunTime:0.003020s ]
SQL: SHOW COLUMNS FROM `store` [ RunTime:0.0046s ]
SQL: UPDATE `store` SET `store_name`='吃货1',`school_id`='4',`link`='http://www.taobao.com' WHERE ( id = 5 ) [ RunTime:0.0004s ]
SQL: SHOW COLUMNS FROM `store_goods` [ RunTime:0.0058s ]
SQL: UPDATE `store_goods` SET `goods_id`='3' WHERE ( store_id = 5 ) [ RunTime:0.0572s ]

[ 2015-02-09T19:50:04+08:00 ] ::1 /tuan/index.php/Admin/Info/storeUpdate.html
INFO: [ app_begin ] --START--
INFO: Run Behavior\ReadHtmlCacheBehavior [ RunTime:0.000654s ]
INFO: [ app_begin ] --END-- [ RunTime:0.001188s ]
SQL: SHOW COLUMNS FROM `store` [ RunTime:0.0030s ]
SQL: UPDATE `store` SET `store_name`='吃货3',`school_id`='1',`link`='http://www.taobao.com/' WHERE ( id = 7 ) [ RunTime:0.0004s ]
SQL: SHOW COLUMNS FROM `store_goods` [ RunTime:0.0026s ]
SQL: UPDATE `store_goods` SET `goods_id`='2' WHERE ( store_id = 7 ) [ RunTime:0.0447s ]

[ 2015-02-09T20:02:12+08:00 ] ::1 /tuan/index.php/Admin/Info/userUpdate.html
INFO: [ app_begin ] --START--
INFO: Run Behavior\ReadHtmlCacheBehavior [ RunTime:0.001947s ]
INFO: [ app_begin ] --END-- [ RunTime:0.003680s ]
SQL: SHOW COLUMNS FROM `users` [ RunTime:0.0025s ]
SQL: UPDATE `users` SET `id`='1',`school_id`='1',`password`='fe37cb8a8692cd0abef4d7501b0afd40' WHERE ( id = 1 ) [ RunTime:0.0470s ]

[ 2015-02-09T20:02:22+08:00 ] ::1 /tuan/index.php/Admin/Info/userUpdate.html
INFO: [ app_begin ] --START--
INFO: Run Behavior\ReadHtmlCacheBehavior [ RunTime:0.001566s ]
INFO: [ app_begin ] --END-- [ RunTime:0.005102s ]
SQL: SHOW COLUMNS FROM `users` [ RunTime:0.0026s ]
SQL: UPDATE `users` SET `id`='1',`school_id`='1',`password`='f129eb52e414ade151d66fe2fdf6999f' WHERE ( id = 1 ) [ RunTime:0.0004s ]

[ 2015-02-09T20:02:26+08:00 ] ::1 /tuan/index.php/Admin/Info/userUpdate.html
INFO: [ app_begin ] --START--
INFO: Run Behavior\ReadHtmlCacheBehavior [ RunTime:0.001180s ]
INFO: [ app_begin ] --END-- [ RunTime:0.002116s ]
SQL: SHOW COLUMNS FROM `users` [ RunTime:0.0089s ]
SQL: UPDATE `users` SET `id`='1',`school_id`='2',`password`='c816e831a6d1cd4c68c39a3e98ec7d76' WHERE ( id = 1 ) [ RunTime:0.0004s ]

[ 2015-02-09T20:03:06+08:00 ] ::1 /tuan/index.php/Admin/Info/user.html
ERR: SQLSTATE[23000]: Integrity constraint violation: 1052 Column 'id' in order clause is ambiguous

[ 2015-02-09T20:03:24+08:00 ] ::1 /tuan/index.php/Admin/Info/userUpdate.html
INFO: [ app_begin ] --START--
INFO: Run Behavior\ReadHtmlCacheBehavior [ RunTime:0.000958s ]
INFO: [ app_begin ] --END-- [ RunTime:0.001718s ]
SQL: SHOW COLUMNS FROM `users` [ RunTime:0.0428s ]
SQL: UPDATE `users` SET `id`='1',`school_id`='1',`password`='c816e831a6d1cd4c68c39a3e98ec7d76' WHERE ( id = 1 ) [ RunTime:0.0004s ]

[ 2015-02-09T20:03:56+08:00 ] ::1 /tuan/index.php/Admin/Info/userUpdate.html
INFO: [ app_begin ] --START--
INFO: Run Behavior\ReadHtmlCacheBehavior [ RunTime:0.001799s ]
INFO: [ app_begin ] --END-- [ RunTime:0.003210s ]
SQL: SHOW COLUMNS FROM `users` [ RunTime:0.0039s ]
SQL: UPDATE `users` SET `id`='1',`school_id`='2',`password`='c816e831a6d1cd4c68c39a3e98ec7d76' WHERE ( id = 1 ) [ RunTime:0.0003s ]

[ 2015-02-09T20:04:13+08:00 ] ::1 /tuan/index.php/Admin/Info/userUpdate.html
INFO: [ app_begin ] --START--
INFO: Run Behavior\ReadHtmlCacheBehavior [ RunTime:0.000869s ]
INFO: [ app_begin ] --END-- [ RunTime:0.001679s ]
SQL: SHOW COLUMNS FROM `users` [ RunTime:0.0026s ]
SQL: UPDATE `users` SET `id`='1',`school_id`='4',`password`='c816e831a6d1cd4c68c39a3e98ec7d76' WHERE ( id = 1 ) [ RunTime:0.0005s ]

[ 2015-02-09T20:05:31+08:00 ] ::1 /tuan/index.php/Admin/Info/userUpdate.html
INFO: [ app_begin ] --START--
INFO: Run Behavior\ReadHtmlCacheBehavior [ RunTime:0.000698s ]
INFO: [ app_begin ] --END-- [ RunTime:0.002019s ]
SQL: SHOW COLUMNS FROM `users` [ RunTime:0.0031s ]
SQL: UPDATE `users` SET `id`='1',`school_id`='4' WHERE ( id = 1 ) [ RunTime:0.0011s ]

[ 2015-02-09T20:05:39+08:00 ] ::1 /tuan/index.php/Admin/Info/userUpdate.html
INFO: [ app_begin ] --START--
INFO: Run Behavior\ReadHtmlCacheBehavior [ RunTime:0.002566s ]
INFO: [ app_begin ] --END-- [ RunTime:0.004869s ]
SQL: SHOW COLUMNS FROM `users` [ RunTime:0.0025s ]
SQL: UPDATE `users` SET `id`='1',`school_id`='4',`password`='f129eb52e414ade151d66fe2fdf6999f' WHERE ( id = 1 ) [ RunTime:0.0019s ]

[ 2015-02-09T20:05:47+08:00 ] ::1 /tuan/index.php/Admin/Info/userUpdate.html
INFO: [ app_begin ] --START--
INFO: Run Behavior\ReadHtmlCacheBehavior [ RunTime:0.002318s ]
INFO: [ app_begin ] --END-- [ RunTime:0.003718s ]
SQL: SHOW COLUMNS FROM `users` [ RunTime:0.0032s ]
SQL: UPDATE `users` SET `id`='1',`school_id`='4',`password`='f129eb52e414ade151d66fe2fdf6999f' WHERE ( id = 1 ) [ RunTime:0.0007s ]

[ 2015-02-09T20:06:23+08:00 ] ::1 /tuan/index.php/Admin/Info/userUpdate.html
INFO: [ app_begin ] --START--
INFO: Run Behavior\ReadHtmlCacheBehavior [ RunTime:0.001376s ]
INFO: [ app_begin ] --END-- [ RunTime:0.003827s ]
SQL: SHOW COLUMNS FROM `users` [ RunTime:0.0025s ]
SQL: UPDATE `users` SET `id`='1',`school_id`='4',`password`='f129eb52e414ade151d66fe2fdf6999f' WHERE ( id = 1 ) [ RunTime:0.0003s ]

[ 2015-02-09T20:07:00+08:00 ] ::1 /tuan/index.php/Admin/Info/userUpdate.html
INFO: [ app_begin ] --START--
INFO: Run Behavior\ReadHtmlCacheBehavior [ RunTime:0.002277s ]
INFO: [ app_begin ] --END-- [ RunTime:0.003936s ]
SQL: SHOW COLUMNS FROM `users` [ RunTime:0.0028s ]
SQL: UPDATE `users` SET `id`='1',`school_id`='4' WHERE ( id = 1 ) [ RunTime:0.0003s ]

[ 2015-02-09T20:07:08+08:00 ] ::1 /tuan/index.php/Admin/Info/userUpdate.html
INFO: [ app_begin ] --START--
INFO: Run Behavior\ReadHtmlCacheBehavior [ RunTime:0.001677s ]
INFO: [ app_begin ] --END-- [ RunTime:0.002890s ]
SQL: SHOW COLUMNS FROM `users` [ RunTime:0.0023s ]
SQL: UPDATE `users` SET `id`='1',`school_id`='4' WHERE ( id = 1 ) [ RunTime:0.0003s ]

[ 2015-02-09T20:07:17+08:00 ] ::1 /tuan/index.php/Admin/Info/userUpdate.html
INFO: [ app_begin ] --START--
INFO: Run Behavior\ReadHtmlCacheBehavior [ RunTime:0.002702s ]
INFO: [ app_begin ] --END-- [ RunTime:0.005073s ]
SQL: SHOW COLUMNS FROM `users` [ RunTime:0.0023s ]
SQL: UPDATE `users` SET `id`='1',`school_id`='4',`password`='123456' WHERE ( id = 1 ) [ RunTime:0.0004s ]

[ 2015-02-09T20:07:33+08:00 ] ::1 /tuan/index.php/Admin/Info/userUpdate.html
INFO: [ app_begin ] --START--
INFO: Run Behavior\ReadHtmlCacheBehavior [ RunTime:0.000891s ]
INFO: [ app_begin ] --END-- [ RunTime:0.001740s ]
SQL: SHOW COLUMNS FROM `users` [ RunTime:0.0029s ]
SQL: UPDATE `users` SET `id`='1',`school_id`='1' WHERE ( id = 1 ) [ RunTime:0.0004s ]

[ 2015-02-09T20:07:56+08:00 ] ::1 /tuan/index.php/Admin/Info/userUpdate.html
INFO: [ app_begin ] --START--
INFO: Run Behavior\ReadHtmlCacheBehavior [ RunTime:0.003315s ]
INFO: [ app_begin ] --END-- [ RunTime:0.005136s ]
SQL: SHOW COLUMNS FROM `users` [ RunTime:0.0022s ]
SQL: UPDATE `users` SET `id`='1',`school_id`='1' WHERE ( id = 1 ) [ RunTime:0.0003s ]

[ 2015-02-09T20:08:04+08:00 ] ::1 /tuan/index.php/Admin/Info/userUpdate.html
INFO: [ app_begin ] --START--
INFO: Run Behavior\ReadHtmlCacheBehavior [ RunTime:0.001865s ]
INFO: [ app_begin ] --END-- [ RunTime:0.005129s ]
SQL: SHOW COLUMNS FROM `users` [ RunTime:0.0028s ]
SQL: UPDATE `users` SET `id`='1',`school_id`='1',`password`='f129eb52e414ade151d66fe2fdf6999f' WHERE ( id = 1 ) [ RunTime:0.0003s ]

[ 2015-02-09T20:08:24+08:00 ] ::1 /tuan/index.php/Admin/Info/userUpdate.html
INFO: [ app_begin ] --START--
INFO: Run Behavior\ReadHtmlCacheBehavior [ RunTime:0.001212s ]
INFO: [ app_begin ] --END-- [ RunTime:0.005648s ]
SQL: SHOW COLUMNS FROM `users` [ RunTime:0.0050s ]
SQL: UPDATE `users` SET `id`='1',`school_id`='1',`password`='9d03f1e988a5e93a8e766c2c47e48df2' WHERE ( id = 1 ) [ RunTime:0.0004s ]

[ 2015-02-09T20:30:40+08:00 ] ::1 /tuan/index.php/Admin/Info/adminUpdate.html
INFO: [ app_begin ] --START--
INFO: Run Behavior\ReadHtmlCacheBehavior [ RunTime:0.000796s ]
INFO: [ app_begin ] --END-- [ RunTime:0.001930s ]

[ 2015-02-09T20:30:51+08:00 ] ::1 /tuan/index.php/Admin/Info/adminUpdate.html
INFO: [ app_begin ] --START--
INFO: Run Behavior\ReadHtmlCacheBehavior [ RunTime:0.001013s ]
INFO: [ app_begin ] --END-- [ RunTime:0.001835s ]
SQL: SHOW COLUMNS FROM `admin` [ RunTime:0.0029s ]

[ 2015-02-09T20:30:59+08:00 ] ::1 /tuan/index.php/Admin/Info/adminUpdate.html
INFO: [ app_begin ] --START--
INFO: Run Behavior\ReadHtmlCacheBehavior [ RunTime:0.003548s ]
INFO: [ app_begin ] --END-- [ RunTime:0.005914s ]
SQL: SHOW COLUMNS FROM `admin` [ RunTime:0.0028s ]

[ 2015-02-09T20:31:21+08:00 ] ::1 /tuan/index.php/Admin/Info/adminUpdate.html
INFO: [ app_begin ] --START--
INFO: Run Behavior\ReadHtmlCacheBehavior [ RunTime:0.000619s ]
INFO: [ app_begin ] --END-- [ RunTime:0.001119s ]
SQL: SHOW COLUMNS FROM `admin` [ RunTime:0.0030s ]
SQL: UPDATE `admin` SET `pwd`='fbb9c6df486869ee7cb8c4a712d0cc61' WHERE ( id = 1 ) [ RunTime:0.0047s ]

[ 2015-02-09T20:31:31+08:00 ] ::1 /tuan/index.php/Admin/Info/adminUpdate.html
INFO: [ app_begin ] --START--
INFO: Run Behavior\ReadHtmlCacheBehavior [ RunTime:0.000798s ]
INFO: [ app_begin ] --END-- [ RunTime:0.001950s ]
SQL: SHOW COLUMNS FROM `admin` [ RunTime:0.0040s ]
SQL: UPDATE `admin` SET `pwd`='e0f13a9110ec1a3df4f8eda9f78908c2' WHERE ( id = 1 ) [ RunTime:0.0003s ]

[ 2015-02-09T20:41:28+08:00 ] ::1 /tuan/index.php/Admin/Index/addAdmin.html
ERR: 非法操作:addAdmin

[ 2015-02-09T20:44:48+08:00 ] ::1 /tuan/index.php/Admin/Info/adminUpdate.html
INFO: [ app_begin ] --START--
INFO: Run Behavior\ReadHtmlCacheBehavior [ RunTime:0.003438s ]
INFO: [ app_begin ] --END-- [ RunTime:0.005545s ]
SQL: SHOW COLUMNS FROM `admin` [ RunTime:0.0028s ]
SQL: UPDATE `admin` SET `pwd`='e0f13a9110ec1a3df4f8eda9f78908c2' WHERE ( id = 4 ) [ RunTime:0.0003s ]

