[ 2015-03-01T02:57:42+08:00 ] ::1 /tuan/index.php/Admin/Index/judge.html
INFO: [ app_begin ] --START--
INFO: Run Behavior\ReadHtmlCacheBehavior [ RunTime:0.000851s ]
INFO: [ app_begin ] --END-- [ RunTime:0.001666s ]
SQL: SHOW COLUMNS FROM `store` [ RunTime:0.0045s ]
SQL: UPDATE `store` SET `status`='1' WHERE ( id = 71 ) [ RunTime:0.0008s ]

[ 2015-03-01T02:57:42+08:00 ] ::1 /tuan/index.php/Admin/Index/judge.html
INFO: [ app_begin ] --START--
INFO: Run Behavior\ReadHtmlCacheBehavior [ RunTime:0.001046s ]
INFO: [ app_begin ] --END-- [ RunTime:0.001897s ]
SQL: SHOW COLUMNS FROM `store` [ RunTime:0.0039s ]
SQL: UPDATE `store` SET `status`='1' WHERE ( id = 72 ) [ RunTime:0.0006s ]

[ 2015-03-01T02:57:42+08:00 ] ::1 /tuan/index.php/Admin/Index/judge.html
INFO: [ app_begin ] --START--
INFO: Run Behavior\ReadHtmlCacheBehavior [ RunTime:0.001016s ]
INFO: [ app_begin ] --END-- [ RunTime:0.002023s ]
SQL: SHOW COLUMNS FROM `store` [ RunTime:0.0062s ]
SQL: UPDATE `store` SET `status`='1' WHERE ( id = 73 ) [ RunTime:0.0005s ]

[ 2015-03-01T02:57:53+08:00 ] ::1 /tuan/index.php/Admin/Index/judge.html
INFO: [ app_begin ] --START--
INFO: Run Behavior\ReadHtmlCacheBehavior [ RunTime:0.001621s ]
INFO: [ app_begin ] --END-- [ RunTime:0.002586s ]
SQL: SHOW COLUMNS FROM `store` [ RunTime:0.0062s ]
SQL: SELECT * FROM `store` WHERE ( id = 63 )  [ RunTime:0.0006s ]
SQL: DELETE FROM `store` WHERE ( id = 63 ) [ RunTime:0.0006s ]
SQL: SHOW COLUMNS FROM `blackstore` [ RunTime:0.0119s ]
SQL: INSERT INTO `blackstore` (`origin_store_id`,`store_name`,`uid`,`link`,`school_id`,`show_pic`,`telephone`) VALUES ('63','贴吧咩年送壕礼送壕礼','52','http://rrrsadf','1','/tuan/Public/uploads/2015-03-01/54f20f761b27f.png','32141234411') [ RunTime:0.0026s ]

[ 2015-03-01T02:58:09+08:00 ] ::1 /tuan/index.php/Admin/Index/relieve.html
INFO: [ app_begin ] --START--
INFO: Run Behavior\ReadHtmlCacheBehavior [ RunTime:0.001204s ]
INFO: [ app_begin ] --END-- [ RunTime:0.002047s ]
SQL: SHOW COLUMNS FROM `blackstore` [ RunTime:0.0067s ]
SQL: SELECT * FROM `blackstore` WHERE ( id = 30 )  [ RunTime:0.0006s ]
SQL: DELETE FROM `blackstore` WHERE ( id = 30 ) [ RunTime:0.0006s ]
SQL: SHOW COLUMNS FROM `store` [ RunTime:0.0267s ]
SQL: INSERT INTO `store` (`id`,`store_name`,`uid`,`link`,`school_id`,`show_pic`,`click_num`,`status`,`telephone`) VALUES ('63','贴吧咩年送壕礼送壕礼','52','http://rrrsadf','1','/tuan/Public/uploads/2015-03-01/54f20f761b27f.png','0','1','32141234411') [ RunTime:0.0006s ]

[ 2015-03-01T03:03:59+08:00 ] ::1 /tuan/index.php/Admin/Index/judge.html
INFO: [ app_begin ] --START--
INFO: Run Behavior\ReadHtmlCacheBehavior [ RunTime:0.001149s ]
INFO: [ app_begin ] --END-- [ RunTime:0.002057s ]
SQL: SHOW COLUMNS FROM `store` [ RunTime:0.0046s ]
SQL: UPDATE `store` SET `status`='1' WHERE ( id = 63 ) [ RunTime:0.0007s ]

[ 2015-03-01T03:04:00+08:00 ] ::1 /tuan/index.php/Admin/Index/judge.html
INFO: [ app_begin ] --START--
INFO: Run Behavior\ReadHtmlCacheBehavior [ RunTime:0.001054s ]
INFO: [ app_begin ] --END-- [ RunTime:0.001993s ]
SQL: SHOW COLUMNS FROM `store` [ RunTime:0.0056s ]
SQL: UPDATE `store` SET `status`='1' WHERE ( id = 73 ) [ RunTime:0.0005s ]

[ 2015-03-01T03:04:40+08:00 ] ::1 /tuan/index.php/Admin/Index/judge.html
INFO: [ app_begin ] --START--
INFO: Run Behavior\ReadHtmlCacheBehavior [ RunTime:0.002297s ]
INFO: [ app_begin ] --END-- [ RunTime:0.004363s ]
SQL: SHOW COLUMNS FROM `store` [ RunTime:0.0048s ]
SQL: SELECT * FROM `store` WHERE ( id = 63 )  [ RunTime:0.0006s ]
SQL: DELETE FROM `store` WHERE ( id = 63 ) [ RunTime:0.0004s ]
SQL: SHOW COLUMNS FROM `blackstore` [ RunTime:0.0032s ]
SQL: INSERT INTO `blackstore` (`origin_store_id`,`store_name`,`uid`,`link`,`school_id`,`show_pic`,`telephone`) VALUES ('63','贴吧咩年送壕礼送壕礼','52','http://rrrsadf','1','/tuan/Public/uploads/2015-03-01/54f20f761b27f.png','32141234411') [ RunTime:0.0004s ]

[ 2015-03-01T03:04:43+08:00 ] ::1 /tuan/index.php/Admin/Index/relieve.html
INFO: [ app_begin ] --START--
INFO: Run Behavior\ReadHtmlCacheBehavior [ RunTime:0.001151s ]
INFO: [ app_begin ] --END-- [ RunTime:0.002017s ]
SQL: SHOW COLUMNS FROM `blackstore` [ RunTime:0.0110s ]
SQL: SELECT * FROM `blackstore` WHERE ( id = 31 )  [ RunTime:0.0005s ]
SQL: DELETE FROM `blackstore` WHERE ( id = 31 ) [ RunTime:0.0004s ]
SQL: SHOW COLUMNS FROM `store` [ RunTime:0.0073s ]
SQL: INSERT INTO `store` (`id`,`store_name`,`uid`,`link`,`school_id`,`show_pic`,`click_num`,`status`,`telephone`) VALUES ('63','贴吧咩年送壕礼送壕礼','52','http://rrrsadf','1','/tuan/Public/uploads/2015-03-01/54f20f761b27f.png','0','1','32141234411') [ RunTime:0.0007s ]

[ 2015-03-01T03:11:15+08:00 ] ::1 /tuan/index.php/Admin/Info/storeUpdate.html
INFO: [ app_begin ] --START--
INFO: Run Behavior\ReadHtmlCacheBehavior [ RunTime:0.001077s ]
INFO: [ app_begin ] --END-- [ RunTime:0.001906s ]
NOTIC: [8] Undefined index: telephone D:\wamp\www\tuan\Application\Admin\Controller\InfoController.class.php 第 75 行.
SQL: SHOW COLUMNS FROM `store` [ RunTime:0.0070s ]
SQL: UPDATE `store` SET `store_name`='qwe',`school_id`='1',`link`='http://ewq',`telephone`=NULL WHERE ( id = 73 ) [ RunTime:0.0008s ]
SQL: SHOW COLUMNS FROM `store_goods` [ RunTime:0.0189s ]
SQL: UPDATE `store_goods` SET `goods_id`='1' WHERE ( store_id = 73 ) [ RunTime:0.0458s ]

[ 2015-03-01T03:11:38+08:00 ] ::1 /tuan/index.php/Admin/Info/storeUpdate.html
INFO: [ app_begin ] --START--
INFO: Run Behavior\ReadHtmlCacheBehavior [ RunTime:0.009918s ]
INFO: [ app_begin ] --END-- [ RunTime:0.012506s ]
NOTIC: [8] Undefined index: telephone D:\wamp\www\tuan\Application\Admin\Controller\InfoController.class.php 第 75 行.
SQL: SHOW COLUMNS FROM `store` [ RunTime:0.0043s ]
SQL: UPDATE `store` SET `store_name`='qwe',`school_id`='1',`link`='http://ewq',`telephone`=NULL WHERE ( id = 73 ) [ RunTime:0.0005s ]
SQL: SHOW COLUMNS FROM `store_goods` [ RunTime:0.0034s ]
SQL: UPDATE `store_goods` SET `goods_id`='1' WHERE ( store_id = 73 ) [ RunTime:0.1211s ]

[ 2015-03-01T03:13:43+08:00 ] ::1 /tuan/index.php/Admin/Info/storeUpdate.html
INFO: [ app_begin ] --START--
INFO: Run Behavior\ReadHtmlCacheBehavior [ RunTime:0.001848s ]
INFO: [ app_begin ] --END-- [ RunTime:0.002802s ]
SQL: SHOW COLUMNS FROM `store` [ RunTime:0.0049s ]
SQL: UPDATE `store` SET `store_name`='qwe',`school_id`='1',`link`='http://ewq',`telephone`='123' WHERE ( id = 73 ) [ RunTime:0.0005s ]
SQL: SHOW COLUMNS FROM `store_goods` [ RunTime:0.0051s ]
SQL: UPDATE `store_goods` SET `goods_id`='1' WHERE ( store_id = 73 ) [ RunTime:0.0388s ]

[ 2015-03-01T03:13:58+08:00 ] ::1 /tuan/index.php/Admin/Info/storeUpdate.html
INFO: [ app_begin ] --START--
INFO: Run Behavior\ReadHtmlCacheBehavior [ RunTime:0.003103s ]
INFO: [ app_begin ] --END-- [ RunTime:0.005723s ]
SQL: SHOW COLUMNS FROM `store` [ RunTime:0.0045s ]
SQL: UPDATE `store` SET `store_name`='贴吧咩年送壕礼送壕礼',`school_id`='1',`link`='http://rrrsadf',`telephone`='32141234410' WHERE ( id = 63 ) [ RunTime:0.0009s ]
SQL: SHOW COLUMNS FROM `store_goods` [ RunTime:0.0026s ]
SQL: UPDATE `store_goods` SET `goods_id`='1' WHERE ( store_id = 63 ) [ RunTime:0.0412s ]

