[ 2015-02-08T00:40:50+08:00 ] ::1 /tuan/index.php/Admin/Topic/createTopic.html
INFO: [ app_begin ] --START--
INFO: Run Behavior\ReadHtmlCacheBehavior [ RunTime:0.001051s ]
INFO: [ app_begin ] --END-- [ RunTime:0.001879s ]

[ 2015-02-08T00:42:21+08:00 ] ::1 /tuan/index.php/Admin/Topic/createTopic.html
INFO: [ app_begin ] --START--
INFO: Run Behavior\ReadHtmlCacheBehavior [ RunTime:0.001107s ]
INFO: [ app_begin ] --END-- [ RunTime:0.002044s ]

[ 2015-02-08T15:48:05+08:00 ] ::1 /tuan/index.php/Admin/Topic/createTopic.html
ERR: 不存在的图像文件

[ 2015-02-08T18:50:16+08:00 ] ::1 /tuan/index.php/Admin/Topic/manage.html
ERR: 模板不存在:./Application/Admin/View/Topic/manage.html

[ 2015-02-08T18:55:06+08:00 ] ::1 /tuan/index.php/Admin/Topic/manage.html
ERR: SQLSTATE[42S22]: Column not found: 1054 Unknown column 'status' in 'where clause'

[ 2015-02-08T19:02:14+08:00 ] ::1 /tuan/index.php/Admin/Topic/deleteTopic.html
INFO: [ app_begin ] --START--
INFO: Run Behavior\ReadHtmlCacheBehavior [ RunTime:0.001803s ]
INFO: [ app_begin ] --END-- [ RunTime:0.004258s ]
INFO: [ app_end ] --START--
INFO: Run Behavior\ShowPageTraceBehavior [ RunTime:0.000969s ]
INFO: [ app_end ] --END-- [ RunTime:0.001212s ]

[ 2015-02-08T19:02:20+08:00 ] ::1 /tuan/index.php/Admin/Index/judge.html
ERR: SQLSTATE[42000]: Syntax error or access violation: 1064 You have an error in your SQL syntax; check the manual that corresponds to your MySQL server version for the right syntax to use near ')' at line 1

[ 2015-02-08T19:04:05+08:00 ] ::1 /tuan/index.php/Admin/Topic/deleteTopic.html
ERR: SQLSTATE[42000]: Syntax error or access violation: 1064 You have an error in your SQL syntax; check the manual that corresponds to your MySQL server version for the right syntax to use near ')' at line 1

[ 2015-02-08T19:04:59+08:00 ] ::1 /tuan/index.php/Admin/Topic/deleteTopic.html
INFO: [ app_begin ] --START--
INFO: Run Behavior\ReadHtmlCacheBehavior [ RunTime:0.002267s ]
INFO: [ app_begin ] --END-- [ RunTime:0.005096s ]
INFO: [ app_end ] --START--
INFO: Run Behavior\ShowPageTraceBehavior [ RunTime:0.000705s ]
INFO: [ app_end ] --END-- [ RunTime:0.000852s ]

[ 2015-02-08T19:05:12+08:00 ] ::1 /tuan/index.php/Admin/Topic/deleteTopic.html
INFO: [ app_begin ] --START--
INFO: Run Behavior\ReadHtmlCacheBehavior [ RunTime:0.001340s ]
INFO: [ app_begin ] --END-- [ RunTime:0.002342s ]
INFO: [ app_end ] --START--
INFO: Run Behavior\ShowPageTraceBehavior [ RunTime:0.001245s ]
INFO: [ app_end ] --END-- [ RunTime:0.001577s ]

[ 2015-02-08T19:07:19+08:00 ] ::1 /tuan/index.php/Admin/Topic/deleteTopic.html
INFO: [ app_begin ] --START--
INFO: Run Behavior\ReadHtmlCacheBehavior [ RunTime:0.001625s ]
INFO: [ app_begin ] --END-- [ RunTime:0.002790s ]
INFO: [ app_end ] --START--
INFO: Run Behavior\ShowPageTraceBehavior [ RunTime:0.001108s ]
INFO: [ app_end ] --END-- [ RunTime:0.001378s ]

[ 2015-02-08T19:07:51+08:00 ] ::1 /tuan/index.php/Admin/Topic/deleteTopic.html
INFO: [ app_begin ] --START--
INFO: Run Behavior\ReadHtmlCacheBehavior [ RunTime:0.001166s ]
INFO: [ app_begin ] --END-- [ RunTime:0.002155s ]
SQL: SHOW COLUMNS FROM `topic` [ RunTime:0.0026s ]
SQL: DELETE FROM `topic` WHERE ( id = 1 ) [ RunTime:0.0164s ]

[ 2015-02-08T19:07:59+08:00 ] ::1 /tuan/index.php/Admin/Topic/edit.html
ERR: 模板不存在:./Application/Admin/View/Topic/edit.html

[ 2015-02-08T19:26:12+08:00 ] ::1 /tuan/index.php/Admin/Topic/updateTopic.html
ERR: SQLSTATE[42000]: Syntax error or access violation: 1064 You have an error in your SQL syntax; check the manual that corresponds to your MySQL server version for the right syntax to use near ')' at line 1

[ 2015-02-08T19:29:42+08:00 ] ::1 /tuan/index.php/Admin/Topic/Topic/manage
ERR: 非法操作:Topic

[ 2015-02-08T19:30:17+08:00 ] ::1 /tuan/index.php/Admin/Topic/Topic/manage
ERR: 非法操作:Topic

[ 2015-02-08T19:30:19+08:00 ] ::1 /tuan/index.php/Admin/Topic/Topic/manage
ERR: 非法操作:Topic

[ 2015-02-08T19:31:09+08:00 ] ::1 /tuan/index.php/Admin/Topic/Topic/manage
ERR: 非法操作:Topic

[ 2015-02-08T20:55:12+08:00 ] ::1 /tuan/index.php/Admin/login
ERR: 无法加载控制器:Login

[ 2015-02-08T20:55:23+08:00 ] ::1 /tuan/index.php/Admin/resources/css/invalid.css
ERR: 无法加载控制器:Resources

[ 2015-02-08T20:55:23+08:00 ] ::1 /tuan/index.php/Admin/resources/css/reset.css
ERR: 无法加载控制器:Resources

[ 2015-02-08T20:55:23+08:00 ] ::1 /tuan/index.php/Admin/resources/css/style.css
ERR: 无法加载控制器:Resources

[ 2015-02-08T20:55:23+08:00 ] ::1 /tuan/index.php/Admin/resources/scripts/jquery.wysiwyg.js
ERR: 无法加载控制器:Resources

[ 2015-02-08T20:55:23+08:00 ] ::1 /tuan/index.php/Admin/resources/scripts/facebox.js
ERR: 无法加载控制器:Resources

[ 2015-02-08T20:55:23+08:00 ] ::1 /tuan/index.php/Admin/resources/scripts/simpla.jquery.configuration.js
ERR: 无法加载控制器:Resources

[ 2015-02-08T20:55:23+08:00 ] ::1 /tuan/index.php/Admin/resources/scripts/jquery-1.3.2.min.js
ERR: 无法加载控制器:Resources

[ 2015-02-08T21:51:37+08:00 ] ::1 /tuan/index.php/Admin/Login/login.html
ERR: SQLSTATE[42S22]: Column not found: 1054 Unknown column 'Lich' in 'where clause'

[ 2015-02-08T21:52:40+08:00 ] ::1 /tuan/index.php/Admin/Login/login.html
ERR: SQLSTATE[42S22]: Column not found: 1054 Unknown column 'Lich' in 'where clause'

[ 2015-02-08T21:53:26+08:00 ] ::1 /tuan/index.php/Admin/Login/login.html
ERR: SQLSTATE[42S22]: Column not found: 1054 Unknown column 'Lich' in 'where clause'

[ 2015-02-08T21:53:47+08:00 ] ::1 /tuan/index.php/Admin/Login/login.html
ERR: SQLSTATE[42S22]: Column not found: 1054 Unknown column 'Lich' in 'where clause'

[ 2015-02-08T21:54:06+08:00 ] ::1 /tuan/index.php/Admin/Login/login.html
ERR: SQLSTATE[42S22]: Column not found: 1054 Unknown column 'Lich' in 'where clause'

[ 2015-02-08T21:54:30+08:00 ] ::1 /tuan/index.php/Admin/Login/login.html
ERR: SQLSTATE[42S22]: Column not found: 1054 Unknown column 'Lich' in 'where clause'

[ 2015-02-08T21:59:11+08:00 ] ::1 /tuan/index.php/Admin/Login/U('Index/index')
ERR: 非法操作:U('Index

[ 2015-02-08T21:59:22+08:00 ] ::1 /tuan/index.php/Admin/Login/U('Index/index')
ERR: 非法操作:U('Index

[ 2015-02-08T23:26:22+08:00 ] ::1 /tuan/index.php/Admin/Index/judge.html
INFO: [ app_begin ] --START--
INFO: Run Behavior\ReadHtmlCacheBehavior [ RunTime:0.001192s ]
INFO: [ app_begin ] --END-- [ RunTime:0.003007s ]
SQL: SHOW COLUMNS FROM `store` [ RunTime:0.0040s ]
SQL: SELECT * FROM `store` WHERE ( id = 1 )  [ RunTime:0.0004s ]
SQL: DELETE FROM `store` WHERE ( id = 1 ) [ RunTime:0.0340s ]
SQL: SHOW COLUMNS FROM `blackstore` [ RunTime:0.0030s ]
SQL: INSERT INTO `blackstore` (`origin_store_id`,`store_name`,`uid`,`link`,`school_id`,`show_pic`) VALUES ('1','吃吃吃吃吃吃吃吃','1','http://longzy.sinaapp.com/','1','/tuan/Public/uploads/2015-02-05/54d35d9283ab4.png') [ RunTime:0.0256s ]

[ 2015-02-08T23:34:27+08:00 ] ::1 /tuan/index.php/Admin/Index/relieve.html
INFO: [ app_begin ] --START--
INFO: Run Behavior\ReadHtmlCacheBehavior [ RunTime:0.005908s ]
INFO: [ app_begin ] --END-- [ RunTime:0.007779s ]
SQL: SHOW COLUMNS FROM `blackstore` [ RunTime:0.0029s ]
SQL: SELECT * FROM `blackstore` WHERE ( id = 16 )  [ RunTime:0.0003s ]
SQL: DELETE FROM `blackstore` WHERE ( id = 16 ) [ RunTime:0.0089s ]
SQL: SHOW COLUMNS FROM `store` [ RunTime:0.0023s ]
SQL: INSERT INTO `store` (`id`,`store_name`,`uid`,`link`,`school_id`,`show_pic`,`click_num`,`status`) VALUES ('1','吃吃吃吃吃吃吃吃','1','http://longzy.sinaapp.com/','1','/tuan/Public/uploads/2015-02-05/54d35d9283ab4.png','0','1') [ RunTime:0.0003s ]

[ 2015-02-08T23:34:38+08:00 ] ::1 /tuan/index.php/Admin/Index/judge.html
INFO: [ app_begin ] --START--
INFO: Run Behavior\ReadHtmlCacheBehavior [ RunTime:0.002949s ]
INFO: [ app_begin ] --END-- [ RunTime:0.004938s ]
SQL: SHOW COLUMNS FROM `store` [ RunTime:0.0036s ]
SQL: SELECT * FROM `store` WHERE ( id = 1 )  [ RunTime:0.0006s ]
SQL: DELETE FROM `store` WHERE ( id = 1 ) [ RunTime:0.0003s ]
SQL: SHOW COLUMNS FROM `blackstore` [ RunTime:0.0024s ]
SQL: INSERT INTO `blackstore` (`origin_store_id`,`store_name`,`uid`,`link`,`school_id`,`show_pic`) VALUES ('1','吃吃吃吃吃吃吃吃','1','http://longzy.sinaapp.com/','1','/tuan/Public/uploads/2015-02-05/54d35d9283ab4.png') [ RunTime:0.0394s ]

[ 2015-02-08T23:34:39+08:00 ] ::1 /tuan/index.php/Admin/Index/judge.html
INFO: [ app_begin ] --START--
INFO: Run Behavior\ReadHtmlCacheBehavior [ RunTime:0.001046s ]
INFO: [ app_begin ] --END-- [ RunTime:0.001964s ]
SQL: SHOW COLUMNS FROM `store` [ RunTime:0.0026s ]
SQL: SELECT * FROM `store` WHERE ( id = 3 )  [ RunTime:0.0003s ]
SQL: DELETE FROM `store` WHERE ( id = 3 ) [ RunTime:0.0003s ]
SQL: SHOW COLUMNS FROM `blackstore` [ RunTime:0.0024s ]
SQL: INSERT INTO `blackstore` (`origin_store_id`,`store_name`,`uid`,`link`,`school_id`,`show_pic`) VALUES ('3','214','3','','1','/tuan/Public/uploads/2015-02-05/54d35d9283ab4.png') [ RunTime:0.0003s ]

[ 2015-02-08T23:34:39+08:00 ] ::1 /tuan/index.php/Admin/Index/judge.html
INFO: [ app_begin ] --START--
INFO: Run Behavior\ReadHtmlCacheBehavior [ RunTime:0.004266s ]
INFO: [ app_begin ] --END-- [ RunTime:0.005411s ]
SQL: SHOW COLUMNS FROM `store` [ RunTime:0.0027s ]
SQL: SELECT * FROM `store` WHERE ( id = 5 )  [ RunTime:0.0003s ]
SQL: DELETE FROM `store` WHERE ( id = 5 ) [ RunTime:0.0003s ]
SQL: SHOW COLUMNS FROM `blackstore` [ RunTime:0.0039s ]
SQL: INSERT INTO `blackstore` (`origin_store_id`,`store_name`,`uid`,`link`,`school_id`,`show_pic`) VALUES ('5','吃货1','1','http://www.taobao.com','1','/tuan/Public/uploads/2015-02-06/54d4565d5ee21.png') [ RunTime:0.0005s ]

[ 2015-02-08T23:34:40+08:00 ] ::1 /tuan/index.php/Admin/Index/judge.html
INFO: [ app_begin ] --START--
INFO: Run Behavior\ReadHtmlCacheBehavior [ RunTime:0.001383s ]
INFO: [ app_begin ] --END-- [ RunTime:0.002993s ]
SQL: SHOW COLUMNS FROM `store` [ RunTime:0.0037s ]
SQL: SELECT * FROM `store` WHERE ( id = 6 )  [ RunTime:0.0004s ]
SQL: DELETE FROM `store` WHERE ( id = 6 ) [ RunTime:0.0003s ]
SQL: SHOW COLUMNS FROM `blackstore` [ RunTime:0.0026s ]
SQL: INSERT INTO `blackstore` (`origin_store_id`,`store_name`,`uid`,`link`,`school_id`,`show_pic`) VALUES ('6','吃货2','6','http://www.taobao.com','1','/tuan/Public/uploads/2015-02-06/54d456d6e336b.png') [ RunTime:0.0003s ]

[ 2015-02-08T23:34:40+08:00 ] ::1 /tuan/index.php/Admin/Index/judge.html
INFO: [ app_begin ] --START--
INFO: Run Behavior\ReadHtmlCacheBehavior [ RunTime:0.001021s ]
INFO: [ app_begin ] --END-- [ RunTime:0.002665s ]
SQL: SHOW COLUMNS FROM `store` [ RunTime:0.0031s ]
SQL: SELECT * FROM `store` WHERE ( id = 7 )  [ RunTime:0.0004s ]
SQL: DELETE FROM `store` WHERE ( id = 7 ) [ RunTime:0.0003s ]
SQL: SHOW COLUMNS FROM `blackstore` [ RunTime:0.0030s ]
SQL: INSERT INTO `blackstore` (`origin_store_id`,`store_name`,`uid`,`link`,`school_id`,`show_pic`) VALUES ('7','吃货3','7','http://www.taobao.com','1','/tuan/Public/uploads/2015-02-06/54d458f82610d.png') [ RunTime:0.0003s ]

[ 2015-02-08T23:34:41+08:00 ] ::1 /tuan/index.php/Admin/Index/judge.html
INFO: [ app_begin ] --START--
INFO: Run Behavior\ReadHtmlCacheBehavior [ RunTime:0.001573s ]
INFO: [ app_begin ] --END-- [ RunTime:0.003368s ]
SQL: SHOW COLUMNS FROM `store` [ RunTime:0.0040s ]
SQL: SELECT * FROM `store` WHERE ( id = 19 )  [ RunTime:0.0004s ]
SQL: DELETE FROM `store` WHERE ( id = 19 ) [ RunTime:0.0003s ]
SQL: SHOW COLUMNS FROM `blackstore` [ RunTime:0.0024s ]
SQL: INSERT INTO `blackstore` (`origin_store_id`,`store_name`,`uid`,`link`,`school_id`,`show_pic`) VALUES ('19','11','8','http://111','2','/tuan/Public/uploads/2015-02-07/54d61e39758ba.png') [ RunTime:0.0004s ]

[ 2015-02-08T23:40:28+08:00 ] ::1 /tuan/index.php/Admin/Index/judge.html
INFO: [ app_begin ] --START--
INFO: Run Behavior\ReadHtmlCacheBehavior [ RunTime:0.001398s ]
INFO: [ app_begin ] --END-- [ RunTime:0.002873s ]
SQL: SHOW COLUMNS FROM `store` [ RunTime:0.0025s ]
SQL: SELECT * FROM `store` WHERE ( id = 20 )  [ RunTime:0.0003s ]
SQL: DELETE FROM `store` WHERE ( id = 20 ) [ RunTime:0.0005s ]
SQL: SHOW COLUMNS FROM `blackstore` [ RunTime:0.0036s ]
SQL: INSERT INTO `blackstore` (`origin_store_id`,`store_name`,`uid`,`link`,`school_id`,`show_pic`) VALUES ('20','888','9','http://88','1','/tuan/Public/uploads/2015-02-08/54d7809e63b9e.png') [ RunTime:0.0003s ]

[ 2015-02-08T23:41:28+08:00 ] ::1 /tuan/index.php/Admin/Index/relieve.html
INFO: [ app_begin ] --START--
INFO: Run Behavior\ReadHtmlCacheBehavior [ RunTime:0.002174s ]
INFO: [ app_begin ] --END-- [ RunTime:0.005036s ]
SQL: SHOW COLUMNS FROM `blackstore` [ RunTime:0.0027s ]
SQL: SELECT * FROM `blackstore` WHERE ( id = 24 )  [ RunTime:0.0013s ]
SQL: DELETE FROM `blackstore` WHERE ( id = 24 ) [ RunTime:0.0010s ]
SQL: SHOW COLUMNS FROM `store` [ RunTime:0.0064s ]
SQL: INSERT INTO `store` (`id`,`store_name`,`uid`,`link`,`school_id`,`show_pic`,`click_num`,`status`) VALUES ('1','吃吃吃吃吃吃吃吃','1','http://longzy.sinaapp.com/','1','/tuan/Public/uploads/2015-02-05/54d35d9283ab4.png','0','1') [ RunTime:0.0005s ]

[ 2015-02-08T23:41:30+08:00 ] ::1 /tuan/index.php/Admin/Index/relieve.html
INFO: [ app_begin ] --START--
INFO: Run Behavior\ReadHtmlCacheBehavior [ RunTime:0.002211s ]
INFO: [ app_begin ] --END-- [ RunTime:0.004337s ]
SQL: SHOW COLUMNS FROM `blackstore` [ RunTime:0.0077s ]
SQL: SELECT * FROM `blackstore` WHERE ( id = 25 )  [ RunTime:0.0004s ]
SQL: DELETE FROM `blackstore` WHERE ( id = 25 ) [ RunTime:0.0003s ]
SQL: SHOW COLUMNS FROM `store` [ RunTime:0.0051s ]
SQL: INSERT INTO `store` (`id`,`store_name`,`uid`,`link`,`school_id`,`show_pic`,`click_num`,`status`) VALUES ('3','214','3','','1','/tuan/Public/uploads/2015-02-05/54d35d9283ab4.png','0','1') [ RunTime:0.0004s ]

