[ 2015-02-07T21:05:13+08:00 ] ::1 /tuan/index.php/Admin/Index/black
ERR: 参数错误或者未定义:store_id

[ 2015-02-07T21:09:05+08:00 ] ::1 /tuan/index.php/Admin/Index/black
ERR: SQLSTATE[23000]: Integrity constraint violation: 1062 Duplicate entry '1' for key 'PRIMARY'

[ 2015-02-07T21:09:28+08:00 ] ::1 /tuan/index.php/Admin/Index/black
ERR: SQLSTATE[23000]: Integrity constraint violation: 1062 Duplicate entry '1' for key 'PRIMARY'

[ 2015-02-07T21:09:54+08:00 ] ::1 /tuan/index.php/Admin/Index/black
ERR: SQLSTATE[23000]: Integrity constraint violation: 1062 Duplicate entry '1' for key 'PRIMARY'

[ 2015-02-07T21:18:24+08:00 ] ::1 /tuan/index.php/Admin/Index/black
ERR: 参数错误或者未定义:store_id

[ 2015-02-07T21:19:03+08:00 ] ::1 /tuan/index.php/Admin/Index/black
ERR: 参数错误或者未定义:store_id

[ 2015-02-07T21:28:37+08:00 ] ::1 /tuan/index.php/Admin/Index/judge.html
INFO: [ app_begin ] --START--
INFO: Run Behavior\ReadHtmlCacheBehavior [ RunTime:0.001044s ]
INFO: [ app_begin ] --END-- [ RunTime:0.002195s ]
SQL: SHOW COLUMNS FROM `store` [ RunTime:0.0064s ]
SQL: SELECT * FROM `store` WHERE ( id = 4 )  [ RunTime:0.0018s ]
SQL: DELETE FROM `store` WHERE ( id = 4 ) [ RunTime:0.0006s ]
SQL: SHOW COLUMNS FROM `blackstore` [ RunTime:0.0033s ]
SQL: INSERT INTO `blackstore` (`origin_store_id`,`store_name`,`uid`,`link`,`show_pic`) VALUES ('4','吃货0','4','http://www.taobao.com','/tuan/Public/uploads/2015-02-06/54d4557f6a49f.png') [ RunTime:0.0005s ]

[ 2015-02-07T21:53:34+08:00 ] ::1 /tuan/index.php/Admin/Index/blackstore.html
ERR: SQLSTATE[42S22]: Column not found: 1054 Unknown column 'store.id' in 'field list'

[ 2015-02-07T21:54:06+08:00 ] ::1 /tuan/index.php/Admin/Index/blackstore.html
ERR: SQLSTATE[23000]: Integrity constraint violation: 1052 Column 'id' in field list is ambiguous

[ 2015-02-07T21:54:23+08:00 ] ::1 /tuan/index.php/Admin/Index/blackstore.html
ERR: SQLSTATE[42S22]: Column not found: 1054 Unknown column 'type' in 'field list'

[ 2015-02-07T21:54:49+08:00 ] ::1 /tuan/index.php/Admin/Index/blackstore.html
ERR: SQLSTATE[42S22]: Column not found: 1054 Unknown column 'school_name' in 'field list'

[ 2015-02-07T21:57:25+08:00 ] ::1 /tuan/index.php/Admin/Index/blackstore.html
ERR: SQLSTATE[42S22]: Column not found: 1054 Unknown column 'blackstore.school_id' in 'on clause'

[ 2015-02-07T21:59:41+08:00 ] ::1 /tuan/index.php/Admin/Index/blackstore.html
ERR: SQLSTATE[42S22]: Column not found: 1054 Unknown column 'blackstore.school_id' in 'on clause'

[ 2015-02-07T21:59:48+08:00 ] ::1 /tuan/index.php/Admin/Index/blackstore.html
ERR: SQLSTATE[42S22]: Column not found: 1054 Unknown column 'school_name' in 'field list'

[ 2015-02-07T22:01:06+08:00 ] ::1 /tuan/index.php/Admin/Index/blackstore.html
ERR: SQLSTATE[42S22]: Column not found: 1054 Unknown column 'blackstore.school_id' in 'on clause'

[ 2015-02-07T22:02:52+08:00 ] ::1 /tuan/index.php/Admin/Index/relieve.html
INFO: [ app_begin ] --START--
INFO: Run Behavior\ReadHtmlCacheBehavior [ RunTime:0.003551s ]
INFO: [ app_begin ] --END-- [ RunTime:0.006268s ]
NOTIC: [8] Undefined index: store_id D:\wamp\www\tuan\Application\Admin\Controller\IndexController.class.php 第 111 行.
SQL: SHOW COLUMNS FROM `blackstore` [ RunTime:0.0067s ]
ERR: SQLSTATE[42000]: Syntax error or access violation: 1064 You have an error in your SQL syntax; check the manual that corresponds to your MySQL server version for the right syntax to use near ')' at line 1

[ 2015-02-07T22:07:44+08:00 ] ::1 /tuan/index.php/Admin/Index/relieve.html
ERR: SQLSTATE[23000]: Integrity constraint violation: 1062 Duplicate entry '7' for key 'PRIMARY'

[ 2015-02-07T22:16:59+08:00 ] ::1 /tuan/index.php/Admin/Index/judge.html
INFO: [ app_begin ] --START--
INFO: Run Behavior\ReadHtmlCacheBehavior [ RunTime:0.000871s ]
INFO: [ app_begin ] --END-- [ RunTime:0.001410s ]
SQL: SHOW COLUMNS FROM `store` [ RunTime:0.0040s ]
SQL: UPDATE `store` SET `status`='1' WHERE ( id = 19 ) [ RunTime:0.0010s ]

[ 2015-02-07T22:18:19+08:00 ] ::1 /tuan/index.php/Admin/Index/judge.html
INFO: [ app_begin ] --START--
INFO: Run Behavior\ReadHtmlCacheBehavior [ RunTime:0.000767s ]
INFO: [ app_begin ] --END-- [ RunTime:0.001523s ]
SQL: SHOW COLUMNS FROM `store` [ RunTime:0.0023s ]
SQL: SELECT * FROM `store` WHERE ( id = 19 )  [ RunTime:0.0016s ]
SQL: DELETE FROM `store` WHERE ( id = 19 ) [ RunTime:0.0003s ]
SQL: SHOW COLUMNS FROM `blackstore` [ RunTime:0.0039s ]
SQL: INSERT INTO `blackstore` (`origin_store_id`,`store_name`,`uid`,`link`,`school_id`,`show_pic`) VALUES ('19','11','8','http://111','2','/tuan/Public/uploads/2015-02-07/54d61e39758ba.png') [ RunTime:0.0013s ]

[ 2015-02-07T22:18:23+08:00 ] ::1 /tuan/index.php/Admin/Index/relieve.html
INFO: [ app_begin ] --START--
INFO: Run Behavior\ReadHtmlCacheBehavior [ RunTime:0.000807s ]
INFO: [ app_begin ] --END-- [ RunTime:0.001678s ]
NOTIC: [8] Undefined index: store_id D:\wamp\www\tuan\Application\Admin\Controller\IndexController.class.php 第 114 行.
SQL: SHOW COLUMNS FROM `blackstore` [ RunTime:0.0055s ]
ERR: SQLSTATE[42000]: Syntax error or access violation: 1064 You have an error in your SQL syntax; check the manual that corresponds to your MySQL server version for the right syntax to use near ')' at line 1

[ 2015-02-07T22:19:50+08:00 ] ::1 /tuan/index.php/Admin/Index/relieve.html
INFO: [ app_begin ] --START--
INFO: Run Behavior\ReadHtmlCacheBehavior [ RunTime:0.004547s ]
INFO: [ app_begin ] --END-- [ RunTime:0.008040s ]
SQL: SHOW COLUMNS FROM `blackstore` [ RunTime:0.0048s ]
SQL: SELECT * FROM `blackstore` WHERE ( id = 14 )  [ RunTime:0.0003s ]
SQL: DELETE FROM `blackstore` WHERE ( id = 14 ) [ RunTime:0.0002s ]
SQL: SHOW COLUMNS FROM `store` [ RunTime:0.0023s ]
SQL: INSERT INTO `store` (`id`,`store_name`,`uid`,`link`,`school_id`,`show_pic`,`click_num`,`status`) VALUES ('7','吃货3','7','http://www.taobao.com','1','/tuan/Public/uploads/2015-02-06/54d458f82610d.png','0','1') [ RunTime:0.0004s ]

[ 2015-02-07T22:19:51+08:00 ] ::1 /tuan/index.php/Admin/Index/relieve.html
INFO: [ app_begin ] --START--
INFO: Run Behavior\ReadHtmlCacheBehavior [ RunTime:0.002724s ]
INFO: [ app_begin ] --END-- [ RunTime:0.003737s ]
SQL: SHOW COLUMNS FROM `blackstore` [ RunTime:0.0035s ]
SQL: SELECT * FROM `blackstore` WHERE ( id = 15 )  [ RunTime:0.0003s ]
SQL: DELETE FROM `blackstore` WHERE ( id = 15 ) [ RunTime:0.0002s ]
SQL: SHOW COLUMNS FROM `store` [ RunTime:0.0028s ]
SQL: INSERT INTO `store` (`id`,`store_name`,`uid`,`link`,`school_id`,`show_pic`,`click_num`,`status`) VALUES ('19','11','8','http://111','2','/tuan/Public/uploads/2015-02-07/54d61e39758ba.png','0','1') [ RunTime:0.0003s ]

[ 2015-02-07T23:14:46+08:00 ] ::1 /tuan/index.php/Admin/Topic/external/all.js
ERR: 非法操作:external

[ 2015-02-07T23:14:46+08:00 ] ::1 /tuan/index.php/Admin/Topic/external/widgets.js
ERR: 非法操作:external

