[ 2015-02-06T16:51:01+08:00 ] ::1 /tuan/index.php/Admin
ERR: 无法加载控制器:Index

[ 2015-02-06T16:51:12+08:00 ] ::1 /tuan/index.php/Admin
ERR: 无法加载控制器:Index

[ 2015-02-06T16:51:46+08:00 ] ::1 /tuan/index.php/admin
ERR: 无法加载控制器:Index

[ 2015-02-06T16:53:33+08:00 ] ::1 /tuan/index.php/admin
ERR: 无法加载控制器:Index

[ 2015-02-06T16:54:05+08:00 ] ::1 /tuan/index.php/admin
ERR: 无法加载控制器:Index

[ 2015-02-06T16:54:09+08:00 ] ::1 /tuan/index.php/admin/inde
ERR: 无法加载控制器:Inde

[ 2015-02-06T16:54:11+08:00 ] ::1 /tuan/index.php/admin/index
ERR: 无法加载控制器:Index

[ 2015-02-06T16:56:30+08:00 ] ::1 /tuan/index.php/admin/resources/scripts/jquery-1.3.2.min.js
ERR: 无法加载控制器:Resources

[ 2015-02-06T16:56:30+08:00 ] ::1 /tuan/index.php/admin/resources/css/style.css
ERR: 无法加载控制器:Resources

[ 2015-02-06T16:56:30+08:00 ] ::1 /tuan/index.php/admin/resources/css/invalid.css
ERR: 无法加载控制器:Resources

[ 2015-02-06T16:56:30+08:00 ] ::1 /tuan/index.php/admin/resources/css/reset.css
ERR: 无法加载控制器:Resources

[ 2015-02-06T16:56:30+08:00 ] ::1 /tuan/index.php/admin/resources/scripts/facebox.js
ERR: 无法加载控制器:Resources

[ 2015-02-06T16:56:30+08:00 ] ::1 /tuan/index.php/admin/resources/scripts/jquery.datePicker.js
ERR: 无法加载控制器:Resources

[ 2015-02-06T16:56:30+08:00 ] ::1 /tuan/index.php/admin/resources/scripts/jquery.wysiwyg.js
ERR: 无法加载控制器:Resources

[ 2015-02-06T16:56:30+08:00 ] ::1 /tuan/index.php/admin/resources/scripts/jquery.date.js
ERR: 无法加载控制器:Resources

[ 2015-02-06T16:56:30+08:00 ] ::1 /tuan/index.php/admin/resources/scripts/simpla.jquery.configuration.js
ERR: 无法加载控制器:Resources

[ 2015-02-06T16:59:22+08:00 ] ::1 /tuan/index.php/admin/_/tuan/Public/resources/scripts/jquery.datePicker.js
ERR: 无法加载控制器:_

[ 2015-02-06T16:59:27+08:00 ] ::1 /tuan/index.php/admin/_/tuan/Public/resources/scripts/jquery.datePicker.js
ERR: 无法加载控制器:_

[ 2015-02-06T16:59:40+08:00 ] ::1 /tuan/index.php/admin/_/tuan/Public/resources/scripts/jquery.datePicker.js
ERR: 无法加载控制器:_

[ 2015-02-06T17:00:41+08:00 ] ::1 /tuan/index.php/admin/_/tuan/Public/resources/scripts/jquery.datePicker.js
ERR: 无法加载控制器:_

[ 2015-02-06T19:57:36+08:00 ] ::1 /tuan/index.php/admin/index
ERR: Think\Model:orderby方法不存在！

[ 2015-02-06T21:31:18+08:00 ] ::1 /tuan/index.php/Admin/Index/judge.html
INFO: [ app_begin ] --START--
INFO: Run Behavior\ReadHtmlCacheBehavior [ RunTime:0.004555s ]
INFO: [ app_begin ] --END-- [ RunTime:0.007634s ]
ERR: 非法操作:judge

[ 2015-02-06T21:31:22+08:00 ] ::1 /tuan/index.php/Admin/Index/judge.html
INFO: [ app_begin ] --START--
INFO: Run Behavior\ReadHtmlCacheBehavior [ RunTime:0.002663s ]
INFO: [ app_begin ] --END-- [ RunTime:0.004847s ]
ERR: 非法操作:judge

[ 2015-02-06T21:33:53+08:00 ] ::1 /tuan/index.php/Admin/Index/judge.html
INFO: [ app_begin ] --START--
INFO: Run Behavior\ReadHtmlCacheBehavior [ RunTime:0.001276s ]
INFO: [ app_begin ] --END-- [ RunTime:0.002740s ]
INFO: [ app_end ] --START--
INFO: Run Behavior\ShowPageTraceBehavior [ RunTime:0.004656s ]
INFO: [ app_end ] --END-- [ RunTime:0.005509s ]

[ 2015-02-06T21:33:59+08:00 ] ::1 /tuan/index.php/Admin/Index/judge.html
INFO: [ app_begin ] --START--
INFO: Run Behavior\ReadHtmlCacheBehavior [ RunTime:0.003600s ]
INFO: [ app_begin ] --END-- [ RunTime:0.005260s ]
INFO: [ app_end ] --START--
INFO: Run Behavior\ShowPageTraceBehavior [ RunTime:0.001538s ]
INFO: [ app_end ] --END-- [ RunTime:0.002133s ]

[ 2015-02-06T21:34:00+08:00 ] ::1 /tuan/index.php/Admin/Index/judge.html
INFO: [ app_begin ] --START--
INFO: Run Behavior\ReadHtmlCacheBehavior [ RunTime:0.004004s ]
INFO: [ app_begin ] --END-- [ RunTime:0.004961s ]
INFO: [ app_end ] --START--
INFO: Run Behavior\ShowPageTraceBehavior [ RunTime:0.000804s ]
INFO: [ app_end ] --END-- [ RunTime:0.000989s ]

[ 2015-02-06T21:34:01+08:00 ] ::1 /tuan/index.php/Admin/Index/judge.html
INFO: [ app_begin ] --START--
INFO: Run Behavior\ReadHtmlCacheBehavior [ RunTime:0.000766s ]
INFO: [ app_begin ] --END-- [ RunTime:0.001255s ]
INFO: [ app_end ] --START--
INFO: Run Behavior\ShowPageTraceBehavior [ RunTime:0.002396s ]
INFO: [ app_end ] --END-- [ RunTime:0.002855s ]

[ 2015-02-06T21:37:23+08:00 ] ::1 /tuan/index.php/Admin/Index/judge.html
INFO: [ app_begin ] --START--
INFO: Run Behavior\ReadHtmlCacheBehavior [ RunTime:0.000979s ]
INFO: [ app_begin ] --END-- [ RunTime:0.002895s ]
INFO: [ app_end ] --START--
INFO: Run Behavior\ShowPageTraceBehavior [ RunTime:0.002694s ]
INFO: [ app_end ] --END-- [ RunTime:0.003175s ]

[ 2015-02-06T21:41:59+08:00 ] ::1 /tuan/index.php/Admin/Index/judge.html
INFO: [ app_begin ] --START--
INFO: Run Behavior\ReadHtmlCacheBehavior [ RunTime:0.000978s ]
INFO: [ app_begin ] --END-- [ RunTime:0.002077s ]
INFO: [ app_end ] --START--
INFO: Run Behavior\ShowPageTraceBehavior [ RunTime:0.005079s ]
INFO: [ app_end ] --END-- [ RunTime:0.005699s ]

[ 2015-02-06T21:56:46+08:00 ] ::1 /tuan/index.php/Admin/Index/judge.html
INFO: [ app_begin ] --START--
INFO: Run Behavior\ReadHtmlCacheBehavior [ RunTime:0.001189s ]
INFO: [ app_begin ] --END-- [ RunTime:0.002136s ]
NOTIC: [8] Undefined index: action D:\wamp\www\tuan\Application\Admin\Controller\IndexController.class.php 第 28 行.
NOTIC: [8] Undefined index: store_id D:\wamp\www\tuan\Application\Admin\Controller\IndexController.class.php 第 29 行.
INFO: [ app_end ] --START--
INFO: Run Behavior\ShowPageTraceBehavior [ RunTime:0.001363s ]
INFO: [ app_end ] --END-- [ RunTime:0.001675s ]

[ 2015-02-06T21:58:37+08:00 ] ::1 /tuan/index.php/Admin/Index/judge.html
INFO: [ app_begin ] --START--
INFO: Run Behavior\ReadHtmlCacheBehavior [ RunTime:0.001532s ]
INFO: [ app_begin ] --END-- [ RunTime:0.002739s ]
NOTIC: [8] Undefined index: action D:\wamp\www\tuan\Application\Admin\Controller\IndexController.class.php 第 28 行.
NOTIC: [8] Undefined index: store_id D:\wamp\www\tuan\Application\Admin\Controller\IndexController.class.php 第 29 行.
INFO: [ app_end ] --START--
INFO: Run Behavior\ShowPageTraceBehavior [ RunTime:0.001276s ]
INFO: [ app_end ] --END-- [ RunTime:0.001646s ]

[ 2015-02-06T22:01:07+08:00 ] ::1 /tuan/index.php/Admin/Index/judge.html
INFO: [ app_begin ] --START--
INFO: Run Behavior\ReadHtmlCacheBehavior [ RunTime:0.001198s ]
INFO: [ app_begin ] --END-- [ RunTime:0.002142s ]
NOTIC: [8] Undefined index: action D:\wamp\www\tuan\Application\Admin\Controller\IndexController.class.php 第 28 行.
NOTIC: [8] Undefined index: store_id D:\wamp\www\tuan\Application\Admin\Controller\IndexController.class.php 第 29 行.
INFO: [ app_end ] --START--
INFO: Run Behavior\ShowPageTraceBehavior [ RunTime:0.001803s ]
INFO: [ app_end ] --END-- [ RunTime:0.002579s ]

[ 2015-02-06T22:01:36+08:00 ] ::1 /tuan/index.php/Admin/Index/judge.html
INFO: [ app_begin ] --START--
INFO: Run Behavior\ReadHtmlCacheBehavior [ RunTime:0.001032s ]
INFO: [ app_begin ] --END-- [ RunTime:0.002197s ]
NOTIC: [8] Undefined index: action D:\wamp\www\tuan\Application\Admin\Controller\IndexController.class.php 第 28 行.
NOTIC: [8] Undefined index: store_id D:\wamp\www\tuan\Application\Admin\Controller\IndexController.class.php 第 29 行.
INFO: [ app_end ] --START--
INFO: Run Behavior\ShowPageTraceBehavior [ RunTime:0.001735s ]
INFO: [ app_end ] --END-- [ RunTime:0.002043s ]

[ 2015-02-06T22:08:12+08:00 ] ::1 /tuan/index.php/Admin/Index/judge.html?store_id=undefined&action=undefined
INFO: [ app_begin ] --START--
INFO: Run Behavior\ReadHtmlCacheBehavior [ RunTime:0.002061s ]
INFO: [ app_begin ] --END-- [ RunTime:0.004996s ]
NOTIC: [8] Undefined index: action D:\wamp\www\tuan\Application\Admin\Controller\IndexController.class.php 第 28 行.
NOTIC: [8] Undefined index: store_id D:\wamp\www\tuan\Application\Admin\Controller\IndexController.class.php 第 29 行.
INFO: [ app_end ] --START--
INFO: Run Behavior\ShowPageTraceBehavior [ RunTime:0.004759s ]
INFO: [ app_end ] --END-- [ RunTime:0.006878s ]

[ 2015-02-06T22:08:28+08:00 ] ::1 /tuan/index.php/Admin/Index/judge.html?store_id=undefined&action=undefined
INFO: [ app_begin ] --START--
INFO: Run Behavior\ReadHtmlCacheBehavior [ RunTime:0.004313s ]
INFO: [ app_begin ] --END-- [ RunTime:0.005772s ]
NOTIC: [8] Undefined index: action D:\wamp\www\tuan\Application\Admin\Controller\IndexController.class.php 第 28 行.
NOTIC: [8] Undefined index: store_id D:\wamp\www\tuan\Application\Admin\Controller\IndexController.class.php 第 29 行.
INFO: [ app_end ] --START--
INFO: Run Behavior\ShowPageTraceBehavior [ RunTime:0.006651s ]
INFO: [ app_end ] --END-- [ RunTime:0.007631s ]

[ 2015-02-06T22:08:30+08:00 ] ::1 /tuan/index.php/Admin/Index/judge.html?store_id=undefined&action=undefined
INFO: [ app_begin ] --START--
INFO: Run Behavior\ReadHtmlCacheBehavior [ RunTime:0.001666s ]
INFO: [ app_begin ] --END-- [ RunTime:0.004907s ]
NOTIC: [8] Undefined index: action D:\wamp\www\tuan\Application\Admin\Controller\IndexController.class.php 第 28 行.
NOTIC: [8] Undefined index: store_id D:\wamp\www\tuan\Application\Admin\Controller\IndexController.class.php 第 29 行.
INFO: [ app_end ] --START--
INFO: Run Behavior\ShowPageTraceBehavior [ RunTime:0.001245s ]
INFO: [ app_end ] --END-- [ RunTime:0.001520s ]

[ 2015-02-06T22:08:30+08:00 ] ::1 /tuan/index.php/Admin/Index/judge.html?store_id=undefined&action=undefined
INFO: [ app_begin ] --START--
INFO: Run Behavior\ReadHtmlCacheBehavior [ RunTime:0.001783s ]
INFO: [ app_begin ] --END-- [ RunTime:0.004529s ]
NOTIC: [8] Undefined index: action D:\wamp\www\tuan\Application\Admin\Controller\IndexController.class.php 第 28 行.
NOTIC: [8] Undefined index: store_id D:\wamp\www\tuan\Application\Admin\Controller\IndexController.class.php 第 29 行.
INFO: [ app_end ] --START--
INFO: Run Behavior\ShowPageTraceBehavior [ RunTime:0.002542s ]
INFO: [ app_end ] --END-- [ RunTime:0.003259s ]

[ 2015-02-06T22:08:30+08:00 ] ::1 /tuan/index.php/Admin/Index/judge.html?store_id=undefined&action=undefined
INFO: [ app_begin ] --START--
INFO: Run Behavior\ReadHtmlCacheBehavior [ RunTime:0.002066s ]
INFO: [ app_begin ] --END-- [ RunTime:0.005672s ]
NOTIC: [8] Undefined index: action D:\wamp\www\tuan\Application\Admin\Controller\IndexController.class.php 第 28 行.
NOTIC: [8] Undefined index: store_id D:\wamp\www\tuan\Application\Admin\Controller\IndexController.class.php 第 29 行.
INFO: [ app_end ] --START--
INFO: Run Behavior\ShowPageTraceBehavior [ RunTime:0.001488s ]
INFO: [ app_end ] --END-- [ RunTime:0.001819s ]

[ 2015-02-06T22:08:30+08:00 ] ::1 /tuan/index.php/Admin/Index/judge.html?store_id=undefined&action=undefined
INFO: [ app_begin ] --START--
INFO: Run Behavior\ReadHtmlCacheBehavior [ RunTime:0.001249s ]
INFO: [ app_begin ] --END-- [ RunTime:0.002635s ]
NOTIC: [8] Undefined index: action D:\wamp\www\tuan\Application\Admin\Controller\IndexController.class.php 第 28 行.
NOTIC: [8] Undefined index: store_id D:\wamp\www\tuan\Application\Admin\Controller\IndexController.class.php 第 29 行.
INFO: [ app_end ] --START--
INFO: Run Behavior\ShowPageTraceBehavior [ RunTime:0.000953s ]
INFO: [ app_end ] --END-- [ RunTime:0.001277s ]

[ 2015-02-06T22:08:30+08:00 ] ::1 /tuan/index.php/Admin/Index/judge.html?store_id=undefined&action=undefined
INFO: [ app_begin ] --START--
INFO: Run Behavior\ReadHtmlCacheBehavior [ RunTime:0.000964s ]
INFO: [ app_begin ] --END-- [ RunTime:0.001703s ]
NOTIC: [8] Undefined index: action D:\wamp\www\tuan\Application\Admin\Controller\IndexController.class.php 第 28 行.
NOTIC: [8] Undefined index: store_id D:\wamp\www\tuan\Application\Admin\Controller\IndexController.class.php 第 29 行.
INFO: [ app_end ] --START--
INFO: Run Behavior\ShowPageTraceBehavior [ RunTime:0.001425s ]
INFO: [ app_end ] --END-- [ RunTime:0.001723s ]

[ 2015-02-06T22:08:31+08:00 ] ::1 /tuan/index.php/Admin/Index/judge.html?store_id=undefined&action=undefined
INFO: [ app_begin ] --START--
INFO: Run Behavior\ReadHtmlCacheBehavior [ RunTime:0.002598s ]
INFO: [ app_begin ] --END-- [ RunTime:0.005424s ]
NOTIC: [8] Undefined index: action D:\wamp\www\tuan\Application\Admin\Controller\IndexController.class.php 第 28 行.
NOTIC: [8] Undefined index: store_id D:\wamp\www\tuan\Application\Admin\Controller\IndexController.class.php 第 29 行.
INFO: [ app_end ] --START--
INFO: Run Behavior\ShowPageTraceBehavior [ RunTime:0.001151s ]
INFO: [ app_end ] --END-- [ RunTime:0.001379s ]

[ 2015-02-06T22:08:31+08:00 ] ::1 /tuan/index.php/Admin/Index/judge.html?store_id=undefined&action=undefined
INFO: [ app_begin ] --START--
INFO: Run Behavior\ReadHtmlCacheBehavior [ RunTime:0.002293s ]
INFO: [ app_begin ] --END-- [ RunTime:0.011754s ]
NOTIC: [8] Undefined index: action D:\wamp\www\tuan\Application\Admin\Controller\IndexController.class.php 第 28 行.
NOTIC: [8] Undefined index: store_id D:\wamp\www\tuan\Application\Admin\Controller\IndexController.class.php 第 29 行.
INFO: [ app_end ] --START--
INFO: Run Behavior\ShowPageTraceBehavior [ RunTime:0.001079s ]
INFO: [ app_end ] --END-- [ RunTime:0.001291s ]

[ 2015-02-06T22:08:31+08:00 ] ::1 /tuan/index.php/Admin/Index/judge.html?store_id=undefined&action=undefined
INFO: [ app_begin ] --START--
INFO: Run Behavior\ReadHtmlCacheBehavior [ RunTime:0.003947s ]
INFO: [ app_begin ] --END-- [ RunTime:0.007460s ]
NOTIC: [8] Undefined index: action D:\wamp\www\tuan\Application\Admin\Controller\IndexController.class.php 第 28 行.
NOTIC: [8] Undefined index: store_id D:\wamp\www\tuan\Application\Admin\Controller\IndexController.class.php 第 29 行.
INFO: [ app_end ] --START--
INFO: Run Behavior\ShowPageTraceBehavior [ RunTime:0.005627s ]
INFO: [ app_end ] --END-- [ RunTime:0.006240s ]

[ 2015-02-06T22:08:31+08:00 ] ::1 /tuan/index.php/Admin/Index/judge.html?store_id=undefined&action=undefined
INFO: [ app_begin ] --START--
INFO: Run Behavior\ReadHtmlCacheBehavior [ RunTime:0.001100s ]
INFO: [ app_begin ] --END-- [ RunTime:0.003227s ]
NOTIC: [8] Undefined index: action D:\wamp\www\tuan\Application\Admin\Controller\IndexController.class.php 第 28 行.
NOTIC: [8] Undefined index: store_id D:\wamp\www\tuan\Application\Admin\Controller\IndexController.class.php 第 29 行.
INFO: [ app_end ] --START--
INFO: Run Behavior\ShowPageTraceBehavior [ RunTime:0.003810s ]
INFO: [ app_end ] --END-- [ RunTime:0.004338s ]

[ 2015-02-06T22:08:31+08:00 ] ::1 /tuan/index.php/Admin/Index/judge.html?store_id=undefined&action=undefined
INFO: [ app_begin ] --START--
INFO: Run Behavior\ReadHtmlCacheBehavior [ RunTime:0.001450s ]
INFO: [ app_begin ] --END-- [ RunTime:0.002262s ]
NOTIC: [8] Undefined index: action D:\wamp\www\tuan\Application\Admin\Controller\IndexController.class.php 第 28 行.
NOTIC: [8] Undefined index: store_id D:\wamp\www\tuan\Application\Admin\Controller\IndexController.class.php 第 29 行.
INFO: [ app_end ] --START--
INFO: Run Behavior\ShowPageTraceBehavior [ RunTime:0.001491s ]
INFO: [ app_end ] --END-- [ RunTime:0.001794s ]

[ 2015-02-06T22:08:32+08:00 ] ::1 /tuan/index.php/Admin/Index/judge.html?store_id=undefined&action=undefined
INFO: [ app_begin ] --START--
INFO: Run Behavior\ReadHtmlCacheBehavior [ RunTime:0.003844s ]
INFO: [ app_begin ] --END-- [ RunTime:0.012065s ]
NOTIC: [8] Undefined index: action D:\wamp\www\tuan\Application\Admin\Controller\IndexController.class.php 第 28 行.
NOTIC: [8] Undefined index: store_id D:\wamp\www\tuan\Application\Admin\Controller\IndexController.class.php 第 29 行.
INFO: [ app_end ] --START--
INFO: Run Behavior\ShowPageTraceBehavior [ RunTime:0.004554s ]
INFO: [ app_end ] --END-- [ RunTime:0.005190s ]

[ 2015-02-06T22:08:32+08:00 ] ::1 /tuan/index.php/Admin/Index/judge.html?store_id=undefined&action=undefined
INFO: [ app_begin ] --START--
INFO: Run Behavior\ReadHtmlCacheBehavior [ RunTime:0.002684s ]
INFO: [ app_begin ] --END-- [ RunTime:0.011768s ]
NOTIC: [8] Undefined index: action D:\wamp\www\tuan\Application\Admin\Controller\IndexController.class.php 第 28 行.
NOTIC: [8] Undefined index: store_id D:\wamp\www\tuan\Application\Admin\Controller\IndexController.class.php 第 29 行.
INFO: [ app_end ] --START--
INFO: Run Behavior\ShowPageTraceBehavior [ RunTime:0.004382s ]
INFO: [ app_end ] --END-- [ RunTime:0.005001s ]

[ 2015-02-06T22:08:32+08:00 ] ::1 /tuan/index.php/Admin/Index/judge.html?store_id=undefined&action=undefined
INFO: [ app_begin ] --START--
INFO: Run Behavior\ReadHtmlCacheBehavior [ RunTime:0.001430s ]
INFO: [ app_begin ] --END-- [ RunTime:0.005582s ]
NOTIC: [8] Undefined index: action D:\wamp\www\tuan\Application\Admin\Controller\IndexController.class.php 第 28 行.
NOTIC: [8] Undefined index: store_id D:\wamp\www\tuan\Application\Admin\Controller\IndexController.class.php 第 29 行.
INFO: [ app_end ] --START--
INFO: Run Behavior\ShowPageTraceBehavior [ RunTime:0.006290s ]
INFO: [ app_end ] --END-- [ RunTime:0.006838s ]

[ 2015-02-06T22:09:28+08:00 ] ::1 /tuan/index.php/Admin/Index/judge.html
INFO: [ app_begin ] --START--
INFO: Run Behavior\ReadHtmlCacheBehavior [ RunTime:0.000652s ]
INFO: [ app_begin ] --END-- [ RunTime:0.001128s ]
INFO: [ app_end ] --START--
INFO: Run Behavior\ShowPageTraceBehavior [ RunTime:0.000645s ]
INFO: [ app_end ] --END-- [ RunTime:0.000777s ]

[ 2015-02-06T22:09:45+08:00 ] ::1 /tuan/index.php/Admin/Index/judge.html
INFO: [ app_begin ] --START--
INFO: Run Behavior\ReadHtmlCacheBehavior [ RunTime:0.001063s ]
INFO: [ app_begin ] --END-- [ RunTime:0.001937s ]
NOTIC: [8] Undefined index: action D:\wamp\www\tuan\Application\Admin\Controller\IndexController.class.php 第 28 行.
NOTIC: [8] Undefined index: store_id D:\wamp\www\tuan\Application\Admin\Controller\IndexController.class.php 第 29 行.
INFO: [ app_end ] --START--
INFO: Run Behavior\ShowPageTraceBehavior [ RunTime:0.002681s ]
INFO: [ app_end ] --END-- [ RunTime:0.002951s ]

[ 2015-02-06T22:09:56+08:00 ] ::1 /tuan/index.php/Admin/Index/judge.html
INFO: [ app_begin ] --START--
INFO: Run Behavior\ReadHtmlCacheBehavior [ RunTime:0.001340s ]
INFO: [ app_begin ] --END-- [ RunTime:0.004121s ]
NOTIC: [8] Undefined index: action D:\wamp\www\tuan\Application\Admin\Controller\IndexController.class.php 第 28 行.
NOTIC: [8] Undefined index: store_id D:\wamp\www\tuan\Application\Admin\Controller\IndexController.class.php 第 29 行.
INFO: [ app_end ] --START--
INFO: Run Behavior\ShowPageTraceBehavior [ RunTime:0.001469s ]
INFO: [ app_end ] --END-- [ RunTime:0.001776s ]

[ 2015-02-06T22:09:57+08:00 ] ::1 /tuan/index.php/Admin/Index/judge.html
INFO: [ app_begin ] --START--
INFO: Run Behavior\ReadHtmlCacheBehavior [ RunTime:0.001534s ]
INFO: [ app_begin ] --END-- [ RunTime:0.005382s ]
NOTIC: [8] Undefined index: action D:\wamp\www\tuan\Application\Admin\Controller\IndexController.class.php 第 28 行.
NOTIC: [8] Undefined index: store_id D:\wamp\www\tuan\Application\Admin\Controller\IndexController.class.php 第 29 行.
INFO: [ app_end ] --START--
INFO: Run Behavior\ShowPageTraceBehavior [ RunTime:0.000836s ]
INFO: [ app_end ] --END-- [ RunTime:0.001072s ]

[ 2015-02-06T22:09:57+08:00 ] ::1 /tuan/index.php/Admin/Index/judge.html
INFO: [ app_begin ] --START--
INFO: Run Behavior\ReadHtmlCacheBehavior [ RunTime:0.001013s ]
INFO: [ app_begin ] --END-- [ RunTime:0.001824s ]
NOTIC: [8] Undefined index: action D:\wamp\www\tuan\Application\Admin\Controller\IndexController.class.php 第 28 行.
NOTIC: [8] Undefined index: store_id D:\wamp\www\tuan\Application\Admin\Controller\IndexController.class.php 第 29 行.
INFO: [ app_end ] --START--
INFO: Run Behavior\ShowPageTraceBehavior [ RunTime:0.003472s ]
INFO: [ app_end ] --END-- [ RunTime:0.003797s ]

[ 2015-02-06T22:09:57+08:00 ] ::1 /tuan/index.php/Admin/Index/judge.html
INFO: [ app_begin ] --START--
INFO: Run Behavior\ReadHtmlCacheBehavior [ RunTime:0.003086s ]
INFO: [ app_begin ] --END-- [ RunTime:0.004308s ]
NOTIC: [8] Undefined index: action D:\wamp\www\tuan\Application\Admin\Controller\IndexController.class.php 第 28 行.
NOTIC: [8] Undefined index: store_id D:\wamp\www\tuan\Application\Admin\Controller\IndexController.class.php 第 29 行.
INFO: [ app_end ] --START--
INFO: Run Behavior\ShowPageTraceBehavior [ RunTime:0.001980s ]
INFO: [ app_end ] --END-- [ RunTime:0.002774s ]

[ 2015-02-06T22:09:57+08:00 ] ::1 /tuan/index.php/Admin/Index/judge.html
INFO: [ app_begin ] --START--
INFO: Run Behavior\ReadHtmlCacheBehavior [ RunTime:0.003909s ]
INFO: [ app_begin ] --END-- [ RunTime:0.005571s ]
NOTIC: [8] Undefined index: action D:\wamp\www\tuan\Application\Admin\Controller\IndexController.class.php 第 28 行.
NOTIC: [8] Undefined index: store_id D:\wamp\www\tuan\Application\Admin\Controller\IndexController.class.php 第 29 行.
INFO: [ app_end ] --START--
INFO: Run Behavior\ShowPageTraceBehavior [ RunTime:0.001187s ]
INFO: [ app_end ] --END-- [ RunTime:0.001456s ]

[ 2015-02-06T22:09:57+08:00 ] ::1 /tuan/index.php/Admin/Index/judge.html
INFO: [ app_begin ] --START--
INFO: Run Behavior\ReadHtmlCacheBehavior [ RunTime:0.004001s ]
INFO: [ app_begin ] --END-- [ RunTime:0.005349s ]
NOTIC: [8] Undefined index: action D:\wamp\www\tuan\Application\Admin\Controller\IndexController.class.php 第 28 行.
NOTIC: [8] Undefined index: store_id D:\wamp\www\tuan\Application\Admin\Controller\IndexController.class.php 第 29 行.
INFO: [ app_end ] --START--
INFO: Run Behavior\ShowPageTraceBehavior [ RunTime:0.002317s ]
INFO: [ app_end ] --END-- [ RunTime:0.002970s ]

[ 2015-02-06T22:09:58+08:00 ] ::1 /tuan/index.php/Admin/Index/judge.html
INFO: [ app_begin ] --START--
INFO: Run Behavior\ReadHtmlCacheBehavior [ RunTime:0.001590s ]
INFO: [ app_begin ] --END-- [ RunTime:0.004346s ]
NOTIC: [8] Undefined index: action D:\wamp\www\tuan\Application\Admin\Controller\IndexController.class.php 第 28 行.
NOTIC: [8] Undefined index: store_id D:\wamp\www\tuan\Application\Admin\Controller\IndexController.class.php 第 29 行.
INFO: [ app_end ] --START--
INFO: Run Behavior\ShowPageTraceBehavior [ RunTime:0.005051s ]
INFO: [ app_end ] --END-- [ RunTime:0.005685s ]

[ 2015-02-06T22:10:29+08:00 ] ::1 /tuan/index.php/Admin/Index/judge.html
INFO: [ app_begin ] --START--
INFO: Run Behavior\ReadHtmlCacheBehavior [ RunTime:0.003022s ]
INFO: [ app_begin ] --END-- [ RunTime:0.004639s ]
NOTIC: [8] Undefined index: action D:\wamp\www\tuan\Application\Admin\Controller\IndexController.class.php 第 28 行.
NOTIC: [8] Undefined index: store_id D:\wamp\www\tuan\Application\Admin\Controller\IndexController.class.php 第 29 行.
INFO: [ app_end ] --START--
INFO: Run Behavior\ShowPageTraceBehavior [ RunTime:0.003027s ]
INFO: [ app_end ] --END-- [ RunTime:0.003348s ]

[ 2015-02-06T22:10:46+08:00 ] ::1 /tuan/index.php/Admin/Index/judge.html
INFO: [ app_begin ] --START--
INFO: Run Behavior\ReadHtmlCacheBehavior [ RunTime:0.000994s ]
INFO: [ app_begin ] --END-- [ RunTime:0.001974s ]
NOTIC: [8] Undefined index: action D:\wamp\www\tuan\Application\Admin\Controller\IndexController.class.php 第 28 行.
NOTIC: [8] Undefined index: store_id D:\wamp\www\tuan\Application\Admin\Controller\IndexController.class.php 第 29 行.
INFO: [ app_end ] --START--
INFO: Run Behavior\ShowPageTraceBehavior [ RunTime:0.002559s ]
INFO: [ app_end ] --END-- [ RunTime:0.003017s ]

[ 2015-02-06T22:10:54+08:00 ] ::1 /tuan/index.php/Admin/Index/judge.html
INFO: [ app_begin ] --START--
INFO: Run Behavior\ReadHtmlCacheBehavior [ RunTime:0.002635s ]
INFO: [ app_begin ] --END-- [ RunTime:0.003803s ]
NOTIC: [8] Undefined index: action D:\wamp\www\tuan\Application\Admin\Controller\IndexController.class.php 第 28 行.
NOTIC: [8] Undefined index: store_id D:\wamp\www\tuan\Application\Admin\Controller\IndexController.class.php 第 29 行.
INFO: [ app_end ] --START--
INFO: Run Behavior\ShowPageTraceBehavior [ RunTime:0.002035s ]
INFO: [ app_end ] --END-- [ RunTime:0.002629s ]

[ 2015-02-06T22:11:00+08:00 ] ::1 /tuan/index.php/Admin/Index/judge.html
INFO: [ app_begin ] --START--
INFO: Run Behavior\ReadHtmlCacheBehavior [ RunTime:0.001042s ]
INFO: [ app_begin ] --END-- [ RunTime:0.001971s ]
NOTIC: [8] Undefined index: action D:\wamp\www\tuan\Application\Admin\Controller\IndexController.class.php 第 28 行.
NOTIC: [8] Undefined index: store_id D:\wamp\www\tuan\Application\Admin\Controller\IndexController.class.php 第 29 行.
INFO: [ app_end ] --START--
INFO: Run Behavior\ShowPageTraceBehavior [ RunTime:0.001832s ]
INFO: [ app_end ] --END-- [ RunTime:0.002224s ]

[ 2015-02-06T22:11:01+08:00 ] ::1 /tuan/index.php/Admin/Index/judge.html
INFO: [ app_begin ] --START--
INFO: Run Behavior\ReadHtmlCacheBehavior [ RunTime:0.003252s ]
INFO: [ app_begin ] --END-- [ RunTime:0.005956s ]
NOTIC: [8] Undefined index: action D:\wamp\www\tuan\Application\Admin\Controller\IndexController.class.php 第 28 行.
NOTIC: [8] Undefined index: store_id D:\wamp\www\tuan\Application\Admin\Controller\IndexController.class.php 第 29 行.
INFO: [ app_end ] --START--
INFO: Run Behavior\ShowPageTraceBehavior [ RunTime:0.002498s ]
INFO: [ app_end ] --END-- [ RunTime:0.003182s ]

[ 2015-02-06T22:11:01+08:00 ] ::1 /tuan/index.php/Admin/Index/judge.html
INFO: [ app_begin ] --START--
INFO: Run Behavior\ReadHtmlCacheBehavior [ RunTime:0.004099s ]
INFO: [ app_begin ] --END-- [ RunTime:0.007670s ]
NOTIC: [8] Undefined index: action D:\wamp\www\tuan\Application\Admin\Controller\IndexController.class.php 第 28 行.
NOTIC: [8] Undefined index: store_id D:\wamp\www\tuan\Application\Admin\Controller\IndexController.class.php 第 29 行.
INFO: [ app_end ] --START--
INFO: Run Behavior\ShowPageTraceBehavior [ RunTime:0.003805s ]
INFO: [ app_end ] --END-- [ RunTime:0.004242s ]

[ 2015-02-06T22:11:01+08:00 ] ::1 /tuan/index.php/Admin/Index/judge.html
INFO: [ app_begin ] --START--
INFO: Run Behavior\ReadHtmlCacheBehavior [ RunTime:0.002964s ]
INFO: [ app_begin ] --END-- [ RunTime:0.006773s ]
NOTIC: [8] Undefined index: action D:\wamp\www\tuan\Application\Admin\Controller\IndexController.class.php 第 28 行.
NOTIC: [8] Undefined index: store_id D:\wamp\www\tuan\Application\Admin\Controller\IndexController.class.php 第 29 行.
INFO: [ app_end ] --START--
INFO: Run Behavior\ShowPageTraceBehavior [ RunTime:0.000807s ]
INFO: [ app_end ] --END-- [ RunTime:0.000992s ]

[ 2015-02-06T22:11:01+08:00 ] ::1 /tuan/index.php/Admin/Index/judge.html
INFO: [ app_begin ] --START--
INFO: Run Behavior\ReadHtmlCacheBehavior [ RunTime:0.002908s ]
INFO: [ app_begin ] --END-- [ RunTime:0.005304s ]
NOTIC: [8] Undefined index: action D:\wamp\www\tuan\Application\Admin\Controller\IndexController.class.php 第 28 行.
NOTIC: [8] Undefined index: store_id D:\wamp\www\tuan\Application\Admin\Controller\IndexController.class.php 第 29 行.
INFO: [ app_end ] --START--
INFO: Run Behavior\ShowPageTraceBehavior [ RunTime:0.001178s ]
INFO: [ app_end ] --END-- [ RunTime:0.001437s ]

[ 2015-02-06T22:11:01+08:00 ] ::1 /tuan/index.php/Admin/Index/judge.html
INFO: [ app_begin ] --START--
INFO: Run Behavior\ReadHtmlCacheBehavior [ RunTime:0.001147s ]
INFO: [ app_begin ] --END-- [ RunTime:0.002482s ]
NOTIC: [8] Undefined index: action D:\wamp\www\tuan\Application\Admin\Controller\IndexController.class.php 第 28 行.
NOTIC: [8] Undefined index: store_id D:\wamp\www\tuan\Application\Admin\Controller\IndexController.class.php 第 29 行.
INFO: [ app_end ] --START--
INFO: Run Behavior\ShowPageTraceBehavior [ RunTime:0.003064s ]
INFO: [ app_end ] --END-- [ RunTime:0.003622s ]

[ 2015-02-06T22:11:01+08:00 ] ::1 /tuan/index.php/Admin/Index/judge.html
INFO: [ app_begin ] --START--
INFO: Run Behavior\ReadHtmlCacheBehavior [ RunTime:0.000983s ]
INFO: [ app_begin ] --END-- [ RunTime:0.001896s ]
NOTIC: [8] Undefined index: action D:\wamp\www\tuan\Application\Admin\Controller\IndexController.class.php 第 28 行.
NOTIC: [8] Undefined index: store_id D:\wamp\www\tuan\Application\Admin\Controller\IndexController.class.php 第 29 行.
INFO: [ app_end ] --START--
INFO: Run Behavior\ShowPageTraceBehavior [ RunTime:0.001062s ]
INFO: [ app_end ] --END-- [ RunTime:0.001603s ]

[ 2015-02-06T22:11:02+08:00 ] ::1 /tuan/index.php/Admin/Index/judge.html
INFO: [ app_begin ] --START--
INFO: Run Behavior\ReadHtmlCacheBehavior [ RunTime:0.005042s ]
INFO: [ app_begin ] --END-- [ RunTime:0.008782s ]
NOTIC: [8] Undefined index: action D:\wamp\www\tuan\Application\Admin\Controller\IndexController.class.php 第 28 行.
NOTIC: [8] Undefined index: store_id D:\wamp\www\tuan\Application\Admin\Controller\IndexController.class.php 第 29 行.
INFO: [ app_end ] --START--
INFO: Run Behavior\ShowPageTraceBehavior [ RunTime:0.001854s ]
INFO: [ app_end ] --END-- [ RunTime:0.002708s ]

[ 2015-02-06T22:12:41+08:00 ] ::1 /tuan/index.php/Admin/Index/judge.html
INFO: [ app_begin ] --START--
INFO: Run Behavior\ReadHtmlCacheBehavior [ RunTime:0.004728s ]
INFO: [ app_begin ] --END-- [ RunTime:0.007194s ]
INFO: [ app_end ] --START--
INFO: Run Behavior\ShowPageTraceBehavior [ RunTime:0.000879s ]
INFO: [ app_end ] --END-- [ RunTime:0.001089s ]

[ 2015-02-06T22:13:18+08:00 ] ::1 /tuan/index.php/Admin/Index/judge.html
INFO: [ app_begin ] --START--
INFO: Run Behavior\ReadHtmlCacheBehavior [ RunTime:0.004925s ]
INFO: [ app_begin ] --END-- [ RunTime:0.007250s ]

[ 2015-02-06T22:14:08+08:00 ] ::1 /tuan/index.php/Admin/Index/judge.html
INFO: [ app_begin ] --START--
INFO: Run Behavior\ReadHtmlCacheBehavior [ RunTime:0.009899s ]
INFO: [ app_begin ] --END-- [ RunTime:0.012564s ]

[ 2015-02-06T22:15:31+08:00 ] ::1 /tuan/index.php/Admin/Index/judge.html
INFO: [ app_begin ] --START--
INFO: Run Behavior\ReadHtmlCacheBehavior [ RunTime:0.001094s ]
INFO: [ app_begin ] --END-- [ RunTime:0.002025s ]

[ 2015-02-06T22:15:40+08:00 ] ::1 /tuan/index.php/Admin/Index/judge.html
INFO: [ app_begin ] --START--
INFO: Run Behavior\ReadHtmlCacheBehavior [ RunTime:0.000891s ]
INFO: [ app_begin ] --END-- [ RunTime:0.001647s ]

[ 2015-02-06T22:15:55+08:00 ] ::1 /tuan/index.php/Admin/Index/judge.html
INFO: [ app_begin ] --START--
INFO: Run Behavior\ReadHtmlCacheBehavior [ RunTime:0.001555s ]
INFO: [ app_begin ] --END-- [ RunTime:0.006683s ]

[ 2015-02-06T22:16:24+08:00 ] ::1 /tuan/index.php/Admin/Index/judge.html
INFO: [ app_begin ] --START--
INFO: Run Behavior\ReadHtmlCacheBehavior [ RunTime:0.003585s ]
INFO: [ app_begin ] --END-- [ RunTime:0.006836s ]

[ 2015-02-06T22:16:45+08:00 ] ::1 /tuan/index.php/Admin/Index/judge.html
INFO: [ app_begin ] --START--
INFO: Run Behavior\ReadHtmlCacheBehavior [ RunTime:0.003652s ]
INFO: [ app_begin ] --END-- [ RunTime:0.005946s ]

[ 2015-02-06T22:16:58+08:00 ] ::1 /tuan/index.php/Admin/Index/judge.html
INFO: [ app_begin ] --START--
INFO: Run Behavior\ReadHtmlCacheBehavior [ RunTime:0.002278s ]
INFO: [ app_begin ] --END-- [ RunTime:0.004302s ]

[ 2015-02-06T22:17:03+08:00 ] ::1 /tuan/index.php/Admin/Index/judge.html
INFO: [ app_begin ] --START--
INFO: Run Behavior\ReadHtmlCacheBehavior [ RunTime:0.001907s ]
INFO: [ app_begin ] --END-- [ RunTime:0.005039s ]

[ 2015-02-06T22:17:15+08:00 ] ::1 /tuan/index.php/Admin/Index/judge.html
INFO: [ app_begin ] --START--
INFO: Run Behavior\ReadHtmlCacheBehavior [ RunTime:0.010006s ]
INFO: [ app_begin ] --END-- [ RunTime:0.012288s ]

[ 2015-02-06T22:17:44+08:00 ] ::1 /tuan/index.php/Admin/Index/judge.html
INFO: [ app_begin ] --START--
INFO: Run Behavior\ReadHtmlCacheBehavior [ RunTime:0.004634s ]
INFO: [ app_begin ] --END-- [ RunTime:0.006182s ]

[ 2015-02-06T22:18:04+08:00 ] ::1 /tuan/index.php/Admin/Index/judge.html
INFO: [ app_begin ] --START--
INFO: Run Behavior\ReadHtmlCacheBehavior [ RunTime:0.005388s ]
INFO: [ app_begin ] --END-- [ RunTime:0.007137s ]

[ 2015-02-06T22:18:29+08:00 ] ::1 /tuan/index.php/Admin/Index/judge.html
INFO: [ app_begin ] --START--
INFO: Run Behavior\ReadHtmlCacheBehavior [ RunTime:0.002253s ]
INFO: [ app_begin ] --END-- [ RunTime:0.004342s ]
SQL: SHOW COLUMNS FROM `store` [ RunTime:0.0027s ]
SQL: UPDATE `store` SET `status`='1' WHERE ( id = 1 ) [ RunTime:0.0003s ]

[ 2015-02-06T22:19:39+08:00 ] ::1 /tuan/index.php/Admin/Index/judge.html
INFO: [ app_begin ] --START--
INFO: Run Behavior\ReadHtmlCacheBehavior [ RunTime:0.000843s ]
INFO: [ app_begin ] --END-- [ RunTime:0.001664s ]
SQL: SHOW COLUMNS FROM `store` [ RunTime:0.0045s ]
SQL: UPDATE `store` SET `status`='1' WHERE ( id = 1 ) [ RunTime:0.0009s ]

[ 2015-02-06T22:20:12+08:00 ] ::1 /tuan/index.php/Admin/Index/judge.html
INFO: [ app_begin ] --START--
INFO: Run Behavior\ReadHtmlCacheBehavior [ RunTime:0.001906s ]
INFO: [ app_begin ] --END-- [ RunTime:0.003196s ]
SQL: SHOW COLUMNS FROM `store` [ RunTime:0.0042s ]
SQL: UPDATE `store` SET `status`='1' WHERE ( id = 2 ) [ RunTime:0.0003s ]

[ 2015-02-06T22:20:40+08:00 ] ::1 /tuan/index.php/Admin/Index/judge.html
INFO: [ app_begin ] --START--
INFO: Run Behavior\ReadHtmlCacheBehavior [ RunTime:0.009330s ]
INFO: [ app_begin ] --END-- [ RunTime:0.011883s ]
SQL: SHOW COLUMNS FROM `store` [ RunTime:0.0023s ]
SQL: UPDATE `store` SET `status`='1' WHERE ( id = 3 ) [ RunTime:0.0003s ]

[ 2015-02-06T22:21:15+08:00 ] ::1 /tuan/index.php/Admin/Index/judge.html
INFO: [ app_begin ] --START--
INFO: Run Behavior\ReadHtmlCacheBehavior [ RunTime:0.001338s ]
INFO: [ app_begin ] --END-- [ RunTime:0.003731s ]
SQL: SHOW COLUMNS FROM `store` [ RunTime:0.0065s ]
SQL: UPDATE `store` SET `status`='1' WHERE ( id = 4 ) [ RunTime:0.0003s ]

[ 2015-02-06T22:21:16+08:00 ] ::1 /tuan/index.php/Admin/Index/judge.html
INFO: [ app_begin ] --START--
INFO: Run Behavior\ReadHtmlCacheBehavior [ RunTime:0.001191s ]
INFO: [ app_begin ] --END-- [ RunTime:0.002148s ]
SQL: SHOW COLUMNS FROM `store` [ RunTime:0.0021s ]
SQL: UPDATE `store` SET `status`='1' WHERE ( id = 5 ) [ RunTime:0.0003s ]

[ 2015-02-06T22:21:17+08:00 ] ::1 /tuan/index.php/Admin/Index/judge.html
INFO: [ app_begin ] --START--
INFO: Run Behavior\ReadHtmlCacheBehavior [ RunTime:0.000778s ]
INFO: [ app_begin ] --END-- [ RunTime:0.001354s ]
SQL: SHOW COLUMNS FROM `store` [ RunTime:0.0029s ]
SQL: UPDATE `store` SET `status`='1' WHERE ( id = 6 ) [ RunTime:0.0003s ]

[ 2015-02-06T22:21:18+08:00 ] ::1 /tuan/index.php/Admin/Index/judge.html
INFO: [ app_begin ] --START--
INFO: Run Behavior\ReadHtmlCacheBehavior [ RunTime:0.001180s ]
INFO: [ app_begin ] --END-- [ RunTime:0.001832s ]
SQL: SHOW COLUMNS FROM `store` [ RunTime:0.0025s ]
SQL: UPDATE `store` SET `status`='1' WHERE ( id = 7 ) [ RunTime:0.0004s ]

[ 2015-02-06T22:27:02+08:00 ] ::1 /tuan/index.php/Admin/Index/judge.html
INFO: [ app_begin ] --START--
INFO: Run Behavior\ReadHtmlCacheBehavior [ RunTime:0.004209s ]
INFO: [ app_begin ] --END-- [ RunTime:0.007747s ]
SQL: SHOW COLUMNS FROM `store` [ RunTime:0.0059s ]
SQL: UPDATE `store` SET `status`='1' WHERE ( id = 1 ) [ RunTime:0.0003s ]

[ 2015-02-06T22:27:10+08:00 ] ::1 /tuan/index.php/Admin/Index/judge.html
ERR: SQLSTATE[42S22]: Column not found: 1054 Unknown column 'Array' in 'where clause'

[ 2015-02-06T22:27:31+08:00 ] ::1 /tuan/index.php/Admin/Index/judge.html
INFO: [ app_begin ] --START--
INFO: Run Behavior\ReadHtmlCacheBehavior [ RunTime:0.000731s ]
INFO: [ app_begin ] --END-- [ RunTime:0.001797s ]
NOTIC: [2] Invalid argument supplied for foreach() D:\wamp\www\tuan\Application\Admin\Controller\IndexController.class.php 第 46 行.

[ 2015-02-06T22:27:39+08:00 ] ::1 /tuan/index.php/Admin/Index/judge.html
INFO: [ app_begin ] --START--
INFO: Run Behavior\ReadHtmlCacheBehavior [ RunTime:0.001398s ]
INFO: [ app_begin ] --END-- [ RunTime:0.005682s ]
NOTIC: [2] Invalid argument supplied for foreach() D:\wamp\www\tuan\Application\Admin\Controller\IndexController.class.php 第 46 行.

[ 2015-02-06T22:28:25+08:00 ] ::1 /tuan/index.php/Admin/Index/judge.html
INFO: [ app_begin ] --START--
INFO: Run Behavior\ReadHtmlCacheBehavior [ RunTime:0.004094s ]
INFO: [ app_begin ] --END-- [ RunTime:0.007069s ]
SQL: SHOW COLUMNS FROM `store` [ RunTime:0.0030s ]
SQL: UPDATE `store` SET `status`='1' WHERE ( id = 1 ) [ RunTime:0.0003s ]

[ 2015-02-06T22:35:50+08:00 ] ::1 /tuan/index.php/Admin/Index/judge.html
INFO: [ app_begin ] --START--
INFO: Run Behavior\ReadHtmlCacheBehavior [ RunTime:0.001884s ]
INFO: [ app_begin ] --END-- [ RunTime:0.004815s ]
SQL: SHOW COLUMNS FROM `store` [ RunTime:0.0043s ]
SQL: DELETE FROM `store` WHERE ( id = 3 ) [ RunTime:0.0425s ]

[ 2015-02-06T22:36:14+08:00 ] ::1 /tuan/index.php/Admin/Index/judge.html
INFO: [ app_begin ] --START--
INFO: Run Behavior\ReadHtmlCacheBehavior [ RunTime:0.001340s ]
INFO: [ app_begin ] --END-- [ RunTime:0.003039s ]
SQL: SHOW COLUMNS FROM `store` [ RunTime:0.0095s ]
SQL: DELETE FROM `store` WHERE ( id = 7 ) [ RunTime:0.0003s ]

[ 2015-02-06T22:36:22+08:00 ] ::1 /tuan/index.php/Admin/Index/judge.html
INFO: [ app_begin ] --START--
INFO: Run Behavior\ReadHtmlCacheBehavior [ RunTime:0.009552s ]
INFO: [ app_begin ] --END-- [ RunTime:0.013328s ]
SQL: SHOW COLUMNS FROM `store` [ RunTime:0.0050s ]
SQL: DELETE FROM `store` WHERE ( id = 6 ) [ RunTime:0.0013s ]

[ 2015-02-06T22:36:49+08:00 ] ::1 /tuan/index.php/Admin/Index/judge.html
INFO: [ app_begin ] --START--
INFO: Run Behavior\ReadHtmlCacheBehavior [ RunTime:0.002299s ]
INFO: [ app_begin ] --END-- [ RunTime:0.004464s ]
SQL: SHOW COLUMNS FROM `store` [ RunTime:0.0292s ]
SQL: DELETE FROM `store` WHERE ( id = 5 ) [ RunTime:0.0003s ]

