[ 2015-02-28T11:52:27+08:00 ] ::1 /tuan/index.php/admin/
INFO: [ app_init ] --START--
INFO: Run Behavior\BuildLiteBehavior [ RunTime:0.000035s ]
INFO: [ app_init ] --END-- [ RunTime:0.000541s ]
INFO: [ app_begin ] --START--
INFO: Run Behavior\ReadHtmlCacheBehavior [ RunTime:0.000882s ]
INFO: [ app_begin ] --END-- [ RunTime:0.001034s ]
INFO: [ view_parse ] --START--
INFO: [ template_filter ] --START--
INFO: Run Behavior\ContentReplaceBehavior [ RunTime:0.000081s ]
INFO: [ template_filter ] --END-- [ RunTime:0.000230s ]
INFO: Run Behavior\ParseTemplateBehavior [ RunTime:0.008636s ]
INFO: [ view_parse ] --END-- [ RunTime:0.009032s ]
INFO: [ view_filter ] --START--
INFO: Run Behavior\WriteHtmlCacheBehavior [ RunTime:0.002544s ]
INFO: [ view_filter ] --END-- [ RunTime:0.002857s ]

[ 2015-02-28T11:52:28+08:00 ] ::1 /tuan/index.php/Admin/Login/index.html
INFO: [ app_init ] --START--
INFO: Run Behavior\BuildLiteBehavior [ RunTime:0.000054s ]
INFO: [ app_init ] --END-- [ RunTime:0.000555s ]
INFO: [ app_begin ] --START--
INFO: Run Behavior\ReadHtmlCacheBehavior [ RunTime:0.002178s ]
INFO: [ app_begin ] --END-- [ RunTime:0.002598s ]
INFO: [ view_parse ] --START--
INFO: [ template_filter ] --START--
INFO: Run Behavior\ContentReplaceBehavior [ RunTime:0.000092s ]
INFO: [ template_filter ] --END-- [ RunTime:0.000275s ]
INFO: Run Behavior\ParseTemplateBehavior [ RunTime:0.034407s ]
INFO: [ view_parse ] --END-- [ RunTime:0.034617s ]
INFO: [ view_filter ] --START--
INFO: Run Behavior\WriteHtmlCacheBehavior [ RunTime:0.000760s ]
INFO: [ view_filter ] --END-- [ RunTime:0.000929s ]
INFO: [ app_end ] --START--
INFO: Run Behavior\ShowPageTraceBehavior [ RunTime:0.000857s ]
INFO: [ app_end ] --END-- [ RunTime:0.001008s ]

[ 2015-02-28T11:52:29+08:00 ] ::1 /tuan/index.php/Admin/Login/resources/images/closelabel.gif
INFO: [ app_init ] --START--
INFO: Run Behavior\BuildLiteBehavior [ RunTime:0.000068s ]
INFO: [ app_init ] --END-- [ RunTime:0.001516s ]

[ 2015-02-28T11:52:29+08:00 ] ::1 /tuan/index.php/Admin/Login/resources/images/loading.gif
INFO: [ app_init ] --START--
INFO: Run Behavior\BuildLiteBehavior [ RunTime:0.000062s ]
INFO: [ app_init ] --END-- [ RunTime:0.001043s ]

[ 2015-02-28T11:52:34+08:00 ] ::1 /tuan/index.php/Admin/Login/login.html
INFO: [ app_init ] --START--
INFO: Run Behavior\BuildLiteBehavior [ RunTime:0.000040s ]
INFO: [ app_init ] --END-- [ RunTime:0.000608s ]
INFO: [ app_begin ] --START--
INFO: Run Behavior\ReadHtmlCacheBehavior [ RunTime:0.001992s ]
INFO: [ app_begin ] --END-- [ RunTime:0.002353s ]
SQL: SHOW COLUMNS FROM `admin` [ RunTime:0.0033s ]
SQL: SELECT * FROM `admin` WHERE `username` = 'Lich' AND `pwd` = 'e0f13a9110ec1a3df4f8eda9f78908c2'  [ RunTime:0.0149s ]
INFO: [ view_parse ] --START--
INFO: [ template_filter ] --START--
INFO: Run Behavior\ContentReplaceBehavior [ RunTime:0.000103s ]
INFO: [ template_filter ] --END-- [ RunTime:0.000289s ]
INFO: Run Behavior\ParseTemplateBehavior [ RunTime:0.010922s ]
INFO: [ view_parse ] --END-- [ RunTime:0.011100s ]
INFO: [ view_filter ] --START--
INFO: Run Behavior\WriteHtmlCacheBehavior [ RunTime:0.000414s ]
INFO: [ view_filter ] --END-- [ RunTime:0.000565s ]
INFO: [ app_end ] --START--
INFO: Run Behavior\ShowPageTraceBehavior [ RunTime:0.000652s ]
INFO: [ app_end ] --END-- [ RunTime:0.000829s ]

[ 2015-02-28T11:52:35+08:00 ] ::1 /tuan/index.php/Admin/Index/index.html
INFO: [ app_init ] --START--
INFO: Run Behavior\BuildLiteBehavior [ RunTime:0.000035s ]
INFO: [ app_init ] --END-- [ RunTime:0.000542s ]
INFO: [ app_begin ] --START--
INFO: Run Behavior\ReadHtmlCacheBehavior [ RunTime:0.000588s ]
INFO: [ app_begin ] --END-- [ RunTime:0.000731s ]
SQL: SHOW COLUMNS FROM `store` [ RunTime:0.0024s ]
SQL: SELECT COUNT(*) AS tp_count FROM `store` WHERE ( status = 0 ) LIMIT 1   [ RunTime:0.0130s ]
SQL: SELECT store.id as store_id,`store_name`,`type`,`school_name`,`realname`,`idcard` FROM `store` JOIN users ON store.uid = users.id JOIN store_goods ON store.id = store_goods.store_id JOIN goods ON store_goods.goods_id = goods.id JOIN school ON store.school_id = school.id  WHERE ( status = 0 ) GROUP BY store.id LIMIT 0,10   [ RunTime:0.0171s ]
INFO: [ view_parse ] --START--
INFO: [ template_filter ] --START--
INFO: Run Behavior\ContentReplaceBehavior [ RunTime:0.000254s ]
INFO: [ template_filter ] --END-- [ RunTime:0.000465s ]
INFO: Run Behavior\ParseTemplateBehavior [ RunTime:0.058936s ]
INFO: [ view_parse ] --END-- [ RunTime:0.059437s ]
INFO: [ view_filter ] --START--
INFO: Run Behavior\WriteHtmlCacheBehavior [ RunTime:0.000537s ]
INFO: [ view_filter ] --END-- [ RunTime:0.000782s ]
INFO: [ app_end ] --START--
INFO: Run Behavior\ShowPageTraceBehavior [ RunTime:0.001377s ]
INFO: [ app_end ] --END-- [ RunTime:0.001713s ]

[ 2015-02-28T11:52:36+08:00 ] ::1 /tuan/index.php/Admin/Index/resources/images/loading.gif
INFO: [ app_init ] --START--
INFO: Run Behavior\BuildLiteBehavior [ RunTime:0.000039s ]
INFO: [ app_init ] --END-- [ RunTime:0.000525s ]

[ 2015-02-28T11:52:36+08:00 ] ::1 /tuan/index.php/Admin/Index/resources/images/closelabel.gif
INFO: [ app_init ] --START--
INFO: Run Behavior\BuildLiteBehavior [ RunTime:0.000037s ]
INFO: [ app_init ] --END-- [ RunTime:0.000770s ]

[ 2015-02-28T11:52:54+08:00 ] ::1 /tuan/index.php/Admin/Index/judge.html
INFO: [ app_init ] --START--
INFO: Run Behavior\BuildLiteBehavior [ RunTime:0.000089s ]
INFO: [ app_init ] --END-- [ RunTime:0.001012s ]
INFO: [ app_begin ] --START--
INFO: Run Behavior\ReadHtmlCacheBehavior [ RunTime:0.001377s ]
INFO: [ app_begin ] --END-- [ RunTime:0.001735s ]
SQL: SHOW COLUMNS FROM `store` [ RunTime:0.0031s ]
SQL: UPDATE `store` SET `status`='1' WHERE ( id = 62 ) [ RunTime:0.0004s ]

[ 2015-02-28T12:01:03+08:00 ] ::1 /tuan/index.php/Admin/Index/index.html
INFO: [ app_init ] --START--
INFO: Run Behavior\BuildLiteBehavior [ RunTime:0.000036s ]
INFO: [ app_init ] --END-- [ RunTime:0.000547s ]
INFO: [ app_begin ] --START--
INFO: Run Behavior\ReadHtmlCacheBehavior [ RunTime:0.001212s ]
INFO: [ app_begin ] --END-- [ RunTime:0.001502s ]
SQL: SHOW COLUMNS FROM `store` [ RunTime:0.0043s ]
SQL: SELECT COUNT(*) AS tp_count FROM `store` WHERE ( status = 0 ) LIMIT 1   [ RunTime:0.0004s ]
SQL: SELECT store.id as store_id,`store_name`,`type`,`school_name`,`realname`,`idcard` FROM `store` JOIN users ON store.uid = users.id JOIN store_goods ON store.id = store_goods.store_id JOIN goods ON store_goods.goods_id = goods.id JOIN school ON store.school_id = school.id  WHERE ( status = 0 ) GROUP BY store.id LIMIT 0,10   [ RunTime:0.0010s ]
INFO: [ view_parse ] --START--
INFO: [ template_filter ] --START--
INFO: Run Behavior\ContentReplaceBehavior [ RunTime:0.000211s ]
INFO: [ template_filter ] --END-- [ RunTime:0.000402s ]
INFO: Run Behavior\ParseTemplateBehavior [ RunTime:0.022417s ]
INFO: [ view_parse ] --END-- [ RunTime:0.022595s ]
INFO: [ view_filter ] --START--
INFO: Run Behavior\WriteHtmlCacheBehavior [ RunTime:0.000381s ]
INFO: [ view_filter ] --END-- [ RunTime:0.000537s ]
INFO: [ app_end ] --START--
INFO: Run Behavior\ShowPageTraceBehavior [ RunTime:0.000913s ]
INFO: [ app_end ] --END-- [ RunTime:0.001569s ]

[ 2015-02-28T12:01:04+08:00 ] ::1 /tuan/index.php/Admin/Index/resources/images/loading.gif
INFO: [ app_init ] --START--
INFO: Run Behavior\BuildLiteBehavior [ RunTime:0.000073s ]
INFO: [ app_init ] --END-- [ RunTime:0.000915s ]

[ 2015-02-28T12:01:04+08:00 ] ::1 /tuan/index.php/Admin/Index/resources/images/closelabel.gif
INFO: [ app_init ] --START--
INFO: Run Behavior\BuildLiteBehavior [ RunTime:0.000064s ]
INFO: [ app_init ] --END-- [ RunTime:0.000934s ]

[ 2015-02-28T12:01:07+08:00 ] ::1 /tuan/index.php/Admin/Index/judge.html
INFO: [ app_init ] --START--
INFO: Run Behavior\BuildLiteBehavior [ RunTime:0.000032s ]
INFO: [ app_init ] --END-- [ RunTime:0.000534s ]
INFO: [ app_begin ] --START--
INFO: Run Behavior\ReadHtmlCacheBehavior [ RunTime:0.000628s ]
INFO: [ app_begin ] --END-- [ RunTime:0.000786s ]
SQL: SHOW COLUMNS FROM `store` [ RunTime:0.0042s ]
SQL: UPDATE `store` SET `status`='1' WHERE ( id = 63 ) [ RunTime:0.0003s ]
INFO: [ view_parse ] --START--
INFO: [ template_filter ] --START--
INFO: Run Behavior\ContentReplaceBehavior [ RunTime:0.000084s ]
INFO: [ template_filter ] --END-- [ RunTime:0.000249s ]
INFO: Run Behavior\ParseTemplateBehavior [ RunTime:0.007901s ]
INFO: [ view_parse ] --END-- [ RunTime:0.008056s ]
INFO: [ view_filter ] --START--
INFO: Run Behavior\WriteHtmlCacheBehavior [ RunTime:0.000387s ]
INFO: [ view_filter ] --END-- [ RunTime:0.000530s ]
INFO: [ app_end ] --START--
INFO: Run Behavior\ShowPageTraceBehavior [ RunTime:0.000640s ]
INFO: [ app_end ] --END-- [ RunTime:0.000794s ]

[ 2015-02-28T12:01:08+08:00 ] ::1 /tuan/index.php/Admin/Index/index.html
INFO: [ app_init ] --START--
INFO: Run Behavior\BuildLiteBehavior [ RunTime:0.000033s ]
INFO: [ app_init ] --END-- [ RunTime:0.000516s ]
INFO: [ app_begin ] --START--
INFO: Run Behavior\ReadHtmlCacheBehavior [ RunTime:0.001085s ]
INFO: [ app_begin ] --END-- [ RunTime:0.001397s ]
SQL: SHOW COLUMNS FROM `store` [ RunTime:0.0088s ]
SQL: SELECT COUNT(*) AS tp_count FROM `store` WHERE ( status = 0 ) LIMIT 1   [ RunTime:0.0004s ]
SQL: SELECT store.id as store_id,`store_name`,`type`,`school_name`,`realname`,`idcard` FROM `store` JOIN users ON store.uid = users.id JOIN store_goods ON store.id = store_goods.store_id JOIN goods ON store_goods.goods_id = goods.id JOIN school ON store.school_id = school.id  WHERE ( status = 0 ) GROUP BY store.id LIMIT 0,10   [ RunTime:0.0016s ]
INFO: [ view_parse ] --START--
INFO: [ template_filter ] --START--
INFO: Run Behavior\ContentReplaceBehavior [ RunTime:0.000272s ]
INFO: [ template_filter ] --END-- [ RunTime:0.000462s ]
INFO: Run Behavior\ParseTemplateBehavior [ RunTime:0.030712s ]
INFO: [ view_parse ] --END-- [ RunTime:0.031130s ]
INFO: [ view_filter ] --START--
INFO: Run Behavior\WriteHtmlCacheBehavior [ RunTime:0.002149s ]
INFO: [ view_filter ] --END-- [ RunTime:0.002596s ]
INFO: [ app_end ] --START--
INFO: Run Behavior\ShowPageTraceBehavior [ RunTime:0.001008s ]
INFO: [ app_end ] --END-- [ RunTime:0.001252s ]

[ 2015-02-28T12:01:09+08:00 ] ::1 /tuan/index.php/Admin/Index/resources/images/closelabel.gif
INFO: [ app_init ] --START--
INFO: Run Behavior\BuildLiteBehavior [ RunTime:0.000072s ]
INFO: [ app_init ] --END-- [ RunTime:0.000867s ]

[ 2015-02-28T12:01:09+08:00 ] ::1 /tuan/index.php/Admin/Index/resources/images/loading.gif
INFO: [ app_init ] --START--
INFO: Run Behavior\BuildLiteBehavior [ RunTime:0.000218s ]
INFO: [ app_init ] --END-- [ RunTime:0.003502s ]

[ 2015-02-28T12:12:47+08:00 ] ::1 /tuan/index.php/Admin/Index/index.html
INFO: [ app_init ] --START--
INFO: Run Behavior\BuildLiteBehavior [ RunTime:0.000038s ]
INFO: [ app_init ] --END-- [ RunTime:0.000561s ]
INFO: [ app_begin ] --START--
INFO: Run Behavior\ReadHtmlCacheBehavior [ RunTime:0.001581s ]
INFO: [ app_begin ] --END-- [ RunTime:0.001989s ]
SQL: SHOW COLUMNS FROM `store` [ RunTime:0.0033s ]
SQL: SELECT COUNT(*) AS tp_count FROM `store` WHERE ( status = 0 ) LIMIT 1   [ RunTime:0.0003s ]
SQL: SELECT store.id as store_id,`store_name`,`type`,`school_name`,`realname`,`idcard` FROM `store` JOIN users ON store.uid = users.id JOIN store_goods ON store.id = store_goods.store_id JOIN goods ON store_goods.goods_id = goods.id JOIN school ON store.school_id = school.id  WHERE ( status = 0 ) GROUP BY store.id LIMIT 0,10   [ RunTime:0.0012s ]
INFO: [ view_parse ] --START--
INFO: [ template_filter ] --START--
INFO: Run Behavior\ContentReplaceBehavior [ RunTime:0.000307s ]
INFO: [ template_filter ] --END-- [ RunTime:0.000588s ]
INFO: Run Behavior\ParseTemplateBehavior [ RunTime:0.033524s ]
INFO: [ view_parse ] --END-- [ RunTime:0.033763s ]
INFO: [ view_filter ] --START--
INFO: Run Behavior\WriteHtmlCacheBehavior [ RunTime:0.000834s ]
INFO: [ view_filter ] --END-- [ RunTime:0.001096s ]
INFO: [ app_end ] --START--
INFO: Run Behavior\ShowPageTraceBehavior [ RunTime:0.001309s ]
INFO: [ app_end ] --END-- [ RunTime:0.001637s ]

[ 2015-02-28T12:12:47+08:00 ] ::1 /tuan/index.php/Admin/Index/resources/images/closelabel.gif
INFO: [ app_init ] --START--
INFO: Run Behavior\BuildLiteBehavior [ RunTime:0.000203s ]
INFO: [ app_init ] --END-- [ RunTime:0.001139s ]

[ 2015-02-28T12:12:47+08:00 ] ::1 /tuan/index.php/Admin/Index/resources/images/loading.gif
INFO: [ app_init ] --START--
INFO: Run Behavior\BuildLiteBehavior [ RunTime:0.000105s ]
INFO: [ app_init ] --END-- [ RunTime:0.001452s ]

[ 2015-02-28T12:12:50+08:00 ] ::1 /tuan/index.php/Admin/Index/judge.html
INFO: [ app_init ] --START--
INFO: Run Behavior\BuildLiteBehavior [ RunTime:0.000036s ]
INFO: [ app_init ] --END-- [ RunTime:0.000577s ]
INFO: [ app_begin ] --START--
INFO: Run Behavior\ReadHtmlCacheBehavior [ RunTime:0.000614s ]
INFO: [ app_begin ] --END-- [ RunTime:0.000781s ]
SQL: SHOW COLUMNS FROM `store` [ RunTime:0.0042s ]
SQL: UPDATE `store` SET `status`='1' WHERE ( id = 64 ) [ RunTime:0.0003s ]
SQL: UPDATE `store` SET `status`='1' WHERE ( id = 65 ) [ RunTime:0.0002s ]
INFO: [ view_parse ] --START--
INFO: [ template_filter ] --START--
INFO: Run Behavior\ContentReplaceBehavior [ RunTime:0.000092s ]
INFO: [ template_filter ] --END-- [ RunTime:0.000258s ]
INFO: Run Behavior\ParseTemplateBehavior [ RunTime:0.008921s ]
INFO: [ view_parse ] --END-- [ RunTime:0.009085s ]
INFO: [ view_filter ] --START--
INFO: Run Behavior\WriteHtmlCacheBehavior [ RunTime:0.000555s ]
INFO: [ view_filter ] --END-- [ RunTime:0.000788s ]
INFO: [ app_end ] --START--
INFO: Run Behavior\ShowPageTraceBehavior [ RunTime:0.000758s ]
INFO: [ app_end ] --END-- [ RunTime:0.000971s ]

[ 2015-02-28T12:12:51+08:00 ] ::1 /tuan/index.php/Admin/Index/index.html
INFO: [ app_init ] --START--
INFO: Run Behavior\BuildLiteBehavior [ RunTime:0.000039s ]
INFO: [ app_init ] --END-- [ RunTime:0.000582s ]
INFO: [ app_begin ] --START--
INFO: Run Behavior\ReadHtmlCacheBehavior [ RunTime:0.000661s ]
INFO: [ app_begin ] --END-- [ RunTime:0.000830s ]
SQL: SHOW COLUMNS FROM `store` [ RunTime:0.0028s ]
SQL: SELECT COUNT(*) AS tp_count FROM `store` WHERE ( status = 0 ) LIMIT 1   [ RunTime:0.0003s ]
SQL: SELECT store.id as store_id,`store_name`,`type`,`school_name`,`realname`,`idcard` FROM `store` JOIN users ON store.uid = users.id JOIN store_goods ON store.id = store_goods.store_id JOIN goods ON store_goods.goods_id = goods.id JOIN school ON store.school_id = school.id  WHERE ( status = 0 ) GROUP BY store.id LIMIT 0,10   [ RunTime:0.0007s ]
INFO: [ view_parse ] --START--
INFO: [ template_filter ] --START--
INFO: Run Behavior\ContentReplaceBehavior [ RunTime:0.000200s ]
INFO: [ template_filter ] --END-- [ RunTime:0.000354s ]
INFO: Run Behavior\ParseTemplateBehavior [ RunTime:0.024273s ]
INFO: [ view_parse ] --END-- [ RunTime:0.024675s ]
INFO: [ view_filter ] --START--
INFO: Run Behavior\WriteHtmlCacheBehavior [ RunTime:0.001775s ]
INFO: [ view_filter ] --END-- [ RunTime:0.002061s ]
INFO: [ app_end ] --START--
INFO: Run Behavior\ShowPageTraceBehavior [ RunTime:0.001035s ]
INFO: [ app_end ] --END-- [ RunTime:0.001310s ]

[ 2015-02-28T12:12:51+08:00 ] ::1 /tuan/index.php/Admin/Index/resources/images/loading.gif
INFO: [ app_init ] --START--
INFO: Run Behavior\BuildLiteBehavior [ RunTime:0.000067s ]
INFO: [ app_init ] --END-- [ RunTime:0.001862s ]

[ 2015-02-28T12:12:51+08:00 ] ::1 /tuan/index.php/Admin/Index/resources/images/closelabel.gif
INFO: [ app_init ] --START--
INFO: Run Behavior\BuildLiteBehavior [ RunTime:0.000162s ]
INFO: [ app_init ] --END-- [ RunTime:0.001941s ]

